
(sugar-activity:957): Gtk-WARNING **: Theme parsing error: gtk-widgets.css:177:16: Missing name of pseudo-class

(sugar-activity:957): Gtk-WARNING **: Theme parsing error: gtk-widgets.css:180:16: Missing name of pseudo-class

(sugar-activity:957): Gtk-WARNING **: Theme parsing error: gtk-widgets.css:553:32: Missing name of pseudo-class

(sugar-activity:957): Gtk-WARNING **: Theme parsing error: gtk-widgets.css:563:32: Missing name of pseudo-class

(sugar-activity:957): Gtk-WARNING **: Theme parsing error: gtk-widgets.css:572:48: Missing name of pseudo-class

(sugar-activity:957): Gtk-WARNING **: Theme parsing error: gtk-widgets.css:703:7: Missing name of pseudo-class

(sugar-activity:957): Gtk-WARNING **: Theme parsing error: gtk-widgets.css:717:7: Missing name of pseudo-class

(sugar-activity:957): Gtk-WARNING **: Theme parsing error: gtk-widgets.css:746:7: Missing name of pseudo-class

(sugar-activity:957): Gtk-WARNING **: Theme parsing error: gtk-widgets.css:760:7: Missing name of pseudo-class
1445052818.407948 WARNING root: No Gtk.AccelGroup in the top level window.
1445052818.447712 WARNING root: No Gtk.AccelGroup in the top level window.
1445052818.495808 WARNING root: No Gtk.AccelGroup in the top level window.
1445052818.520069 WARNING root: No Gtk.AccelGroup in the top level window.
1445052818.769764 WARNING root: No Gtk.AccelGroup in the top level window.
1445052818.771076 WARNING root: No Gtk.AccelGroup in the top level window.
1445052818.772083 WARNING root: No Gtk.AccelGroup in the top level window.
1445052818.791828 WARNING root: No Gtk.AccelGroup in the top level window.
1445052818.793110 WARNING root: No Gtk.AccelGroup in the top level window.
1445052818.794209 WARNING root: No Gtk.AccelGroup in the top level window.
** Message: console message: file:///usr/share/library-common/js/library.js @69: TypeError: 'null' is not an object

** Message: console message: file:///home/olpc/.library_pages/index.html @182: TypeError: 'undefined' is not an object

1445052830.833973 ERROR root: TEST <flags WEBKIT_HIT_TEST_RESULT_CONTEXT_DOCUMENT of type WebKitHitTestResultContext>
/usr/lib/python2.7/threading.py:827: RuntimeWarning: tp_compare didn't return -1 or -2 for exception
  return _active[_get_ident()]
Traceback (most recent call last):
  File "/home/olpc/Activities/Browse.activity/palettes.py", line 116, in __button_press_cb
    self._handle_event(event)
  File "/home/olpc/Activities/Browse.activity/palettes.py", line 123, in _handle_event
    logging.error("TEST %r", hit_context)
  File "/usr/lib/python2.7/logging/__init__.py", line 1575, in error
    root.error(msg, *args, **kwargs)
  File "/usr/lib/python2.7/logging/__init__.py", line 1166, in error
    self._log(ERROR, msg, args, **kwargs)
  File "/usr/lib/python2.7/logging/__init__.py", line 1257, in _log
    record = self.makeRecord(self.name, level, fn, lno, msg, args, exc_info, func, extra)
  File "/usr/lib/python2.7/logging/__init__.py", line 1231, in makeRecord
    rv = LogRecord(name, level, fn, lno, msg, args, exc_info, func)
  File "/usr/lib/python2.7/logging/__init__.py", line 284, in __init__
    self.threadName = threading.current_thread().name
  File "/usr/lib/python2.7/threading.py", line 827, in currentThread
    return _active[_get_ident()]
NotImplementedError: Retrieving properties of type 'WebKitHitTestResultContext' is not implemented
1445052837.027393 WARNING root: No Gtk.AccelGroup in the top level window.
1445052837.078724 WARNING root: No Gtk.AccelGroup in the top level window.
1445052837.080036 WARNING root: No Gtk.AccelGroup in the top level window.
1445052837.081074 WARNING root: No Gtk.AccelGroup in the top level window.
Exited with status 0, pid 957 data (None, <open file '<fdopen>', mode 'w' at 0x107de38>, 'cd278ead9fe868ca07b66e8036e138b3d35ab10f')
