
(main.py:549): Gtk-WARNING **: Theme parsing error: gtk-widgets.css:177:16: Missing name of pseudo-class

(main.py:549): Gtk-WARNING **: Theme parsing error: gtk-widgets.css:180:16: Missing name of pseudo-class

(main.py:549): Gtk-WARNING **: Theme parsing error: gtk-widgets.css:553:32: Missing name of pseudo-class

(main.py:549): Gtk-WARNING **: Theme parsing error: gtk-widgets.css:563:32: Missing name of pseudo-class

(main.py:549): Gtk-WARNING **: Theme parsing error: gtk-widgets.css:572:48: Missing name of pseudo-class

(main.py:549): Gtk-WARNING **: Theme parsing error: gtk-widgets.css:703:7: Missing name of pseudo-class

(main.py:549): Gtk-WARNING **: Theme parsing error: gtk-widgets.css:717:7: Missing name of pseudo-class

(main.py:549): Gtk-WARNING **: Theme parsing error: gtk-widgets.css:746:7: Missing name of pseudo-class

(main.py:549): Gtk-WARNING **: Theme parsing error: gtk-widgets.css:760:7: Missing name of pseudo-class
1445052206.861012 WARNING root: No Gtk.AccelGroup in the top level window.
1445052206.912708 WARNING root: No Gtk.AccelGroup in the top level window.
1445052209.967732 WARNING root: icon_size is deprecated. Use pixel_size instead.
1445052210.008411 WARNING root: icon_size is deprecated. Use pixel_size instead.
1445052210.048634 WARNING root: icon_size is deprecated. Use pixel_size instead.
Window manager warning: Buggy client sent a _NET_ACTIVE_WINDOW message with a timestamp of 0 for 0x40005f (main.py)
Window manager warning: meta_window_activate called by a pager with a 0 timestamp; the pager needs to be fixed.
1445052212.430805 WARNING root: No Gtk.AccelGroup in the top level window.
1445052212.460926 WARNING root: No Gtk.AccelGroup in the top level window.
1445052212.489582 WARNING root: No Gtk.AccelGroup in the top level window.
1445052212.518940 WARNING root: No Gtk.AccelGroup in the top level window.
1445052215.316761 WARNING root: icon_size is deprecated. Use pixel_size instead.
1445052215.395313 WARNING root: icon_size is deprecated. Use pixel_size instead.

(main.py:549): Gtk-CRITICAL **: gtk_widget_set_size_request: assertion `width >= -1' failed

(main.py:549): Gtk-CRITICAL **: gtk_widget_set_size_request: assertion `width >= -1' failed
/usr/lib/python2.7/site-packages/jarabe/main.py:418: Warning: g_object_set_property: assertion `G_IS_VALUE (value)' failed
  Gtk.main()
/usr/lib/python2.7/site-packages/jarabe/main.py:418: Warning: g_value_unset: assertion `G_IS_VALUE (value)' failed
  Gtk.main()

(main.py:549): Gdk-CRITICAL **: gdk_device_get_source: assertion `GDK_IS_DEVICE (device)' failed

(main.py:549): Gdk-CRITICAL **: gdk_device_get_source: assertion `GDK_IS_DEVICE (device)' failed

(main.py:549): Gdk-CRITICAL **: gdk_device_get_source: assertion `GDK_IS_DEVICE (device)' failed
/usr/lib/python2.7/site-packages/jarabe/journal/listview.py:330: Warning: g_object_set_property: assertion `G_IS_VALUE (value)' failed
  self.get_child().size_allocate(allocation)
/usr/lib/python2.7/site-packages/jarabe/journal/listview.py:330: Warning: g_value_unset: assertion `G_IS_VALUE (value)' failed
  self.get_child().size_allocate(allocation)
1445052814.347431 ERROR root: set_active() failed: org.freedesktop.DBus.Error.NoReply: Did not receive a reply. Possible causes include: the remote application did not send a reply, the message bus security policy blocked the reply, the reply timeout expired, or the network connection was broken.
1445052839.856342 ERROR root: PaletteWindowWidget popup get_visible True
1445052952.296986 ERROR root: PaletteWindowWidget popup get_visible True
Window manager warning: Buggy client sent a _NET_ACTIVE_WINDOW message with a timestamp of 0 for 0x1000049 (sugar-acti)
Window manager warning: meta_window_activate called by a pager with a 0 timestamp; the pager needs to be fixed.
1445053069.959827 WARNING root: icon_size is deprecated. Use pixel_size instead.
1445053309.962666 WARNING root: icon_size is deprecated. Use pixel_size instead.
1445054269.972157 WARNING root: icon_size is deprecated. Use pixel_size instead.
1445054488.068775 ERROR root: set_active() failed: org.freedesktop.DBus.Error.NoReply: Message did not receive a reply (timeout by message bus)
1445054841.430256 ERROR dbus.proxies: Introspect error on :1.32:/org/laptop/Activity/a72732e7f92e73e63e338df8d8cc8ce6a465c3ee: dbus.exceptions.DBusException: org.freedesktop.DBus.Error.NoReply: Did not receive a reply. Possible causes include: the remote application did not send a reply, the message bus security policy blocked the reply, the reply timeout expired, or the network connection was broken.
1445054866.433216 ERROR root: set_active() failed: org.freedesktop.DBus.Error.NoReply: Did not receive a reply. Possible causes include: the remote application did not send a reply, the message bus security policy blocked the reply, the reply timeout expired, or the network connection was broken.
1445054917.873371 ERROR root: set_active() failed: org.freedesktop.DBus.Error.NoReply: Did not receive a reply. Possible causes include: the remote application did not send a reply, the message bus security policy blocked the reply, the reply timeout expired, or the network connection was broken.
1445055220.724964 ERROR root: PaletteWindowWidget popup get_visible True
1445055316.364826 ERROR root: set_active() failed: org.freedesktop.DBus.Error.ServiceUnknown: The name :1.56 was not provided by any .service files
