
(main.py:551): Gtk-WARNING **: Theme parsing error: gtk-widgets.css:177:16: Missing name of pseudo-class

(main.py:551): Gtk-WARNING **: Theme parsing error: gtk-widgets.css:180:16: Missing name of pseudo-class

(main.py:551): Gtk-WARNING **: Theme parsing error: gtk-widgets.css:553:32: Missing name of pseudo-class

(main.py:551): Gtk-WARNING **: Theme parsing error: gtk-widgets.css:563:32: Missing name of pseudo-class

(main.py:551): Gtk-WARNING **: Theme parsing error: gtk-widgets.css:572:48: Missing name of pseudo-class

(main.py:551): Gtk-WARNING **: Theme parsing error: gtk-widgets.css:703:7: Missing name of pseudo-class

(main.py:551): Gtk-WARNING **: Theme parsing error: gtk-widgets.css:717:7: Missing name of pseudo-class

(main.py:551): Gtk-WARNING **: Theme parsing error: gtk-widgets.css:746:7: Missing name of pseudo-class

(main.py:551): Gtk-WARNING **: Theme parsing error: gtk-widgets.css:760:7: Missing name of pseudo-class
1445494878.899738 WARNING root: No Gtk.AccelGroup in the top level window.
1445494878.951405 WARNING root: No Gtk.AccelGroup in the top level window.
1445494882.018086 WARNING root: icon_size is deprecated. Use pixel_size instead.
1445494882.058735 WARNING root: icon_size is deprecated. Use pixel_size instead.
1445494882.110890 WARNING root: icon_size is deprecated. Use pixel_size instead.
1445494882.338917 WARNING root: icon_size is deprecated. Use pixel_size instead.
1445494882.389607 WARNING root: icon_size is deprecated. Use pixel_size instead.
1445494882.437672 WARNING root: icon_size is deprecated. Use pixel_size instead.
1445494882.482685 WARNING root: icon_size is deprecated. Use pixel_size instead.
Window manager warning: Buggy client sent a _NET_ACTIVE_WINDOW message with a timestamp of 0 for 0x40005f (main.py)
Window manager warning: meta_window_activate called by a pager with a 0 timestamp; the pager needs to be fixed.
1445494884.846516 WARNING root: No Gtk.AccelGroup in the top level window.
1445494884.876392 WARNING root: No Gtk.AccelGroup in the top level window.
1445494884.905048 WARNING root: No Gtk.AccelGroup in the top level window.
1445494884.933857 WARNING root: No Gtk.AccelGroup in the top level window.
1445494887.678120 WARNING root: icon_size is deprecated. Use pixel_size instead.
1445494887.757588 WARNING root: icon_size is deprecated. Use pixel_size instead.

(main.py:551): Gtk-CRITICAL **: gtk_widget_set_size_request: assertion `width >= -1' failed

(main.py:551): Gtk-CRITICAL **: gtk_widget_set_size_request: assertion `width >= -1' failed
/usr/lib/python2.7/site-packages/jarabe/main.py:418: Warning: g_object_set_property: assertion `G_IS_VALUE (value)' failed
  Gtk.main()
/usr/lib/python2.7/site-packages/jarabe/main.py:418: Warning: g_value_unset: assertion `G_IS_VALUE (value)' failed
  Gtk.main()
