
(sugar-activity:6167): Gtk-WARNING **: Theme parsing error: gtk-widgets.css:177:16: Missing name of pseudo-class

(sugar-activity:6167): Gtk-WARNING **: Theme parsing error: gtk-widgets.css:180:16: Missing name of pseudo-class

(sugar-activity:6167): Gtk-WARNING **: Theme parsing error: gtk-widgets.css:553:32: Missing name of pseudo-class

(sugar-activity:6167): Gtk-WARNING **: Theme parsing error: gtk-widgets.css:563:32: Missing name of pseudo-class

(sugar-activity:6167): Gtk-WARNING **: Theme parsing error: gtk-widgets.css:572:48: Missing name of pseudo-class

(sugar-activity:6167): Gtk-WARNING **: Theme parsing error: gtk-widgets.css:703:7: Missing name of pseudo-class

(sugar-activity:6167): Gtk-WARNING **: Theme parsing error: gtk-widgets.css:717:7: Missing name of pseudo-class

(sugar-activity:6167): Gtk-WARNING **: Theme parsing error: gtk-widgets.css:746:7: Missing name of pseudo-class

(sugar-activity:6167): Gtk-WARNING **: Theme parsing error: gtk-widgets.css:760:7: Missing name of pseudo-class

(sugar-activity:6167): Gtk-CRITICAL **: gtk_radio_button_set_group: assertion `!g_slist_find (group, radio_button)' failed
1445049166.567465 WARNING root: No Gtk.AccelGroup in the top level window.
Logging disabled on purpose
0dBFS level = 32768.0
Csound version 5.13 (float samples) Jul 29 2012
libsndfile-1.0.25
UnifiedCSD:  /home/olpc/Activities/MusicKeyboard.activity/common/Resources/tamtamorc.csd
STARTING FILE
Creating options
Creating orchestra
Creating score
orchname:  /tmp/csound-XQrfI6.orc
scorename: /tmp/csound-Opcya1.sco
rtaudio: ALSA module enabled
orch compiler:
	opcode	homeSine	a	kki	
	opcode	synthGrain	a	aaiiii	
	opcode	ControlMatrice	i	iikkkk	
	opcode	SourceMatrice	i	iaaaa	
	opcode	FxMatrice	i	iaaaa	
	opcode	controller	k	ii	
	opcode	source	a	ii	
	opcode	effects	a	ii	
	instr	200	
	instr	5600	
	instr	5400	
	instr	5401	
	instr	5201	
	instr	5202	
	instr	5212	
	instr	6000	
	instr	5204	
	instr	5203	
	instr	5000	
	instr	5022	
	instr	5023	
	instr	5001	5002	5003	5004	5005	5006	5007	5008	5009	5010	
	instr	5101	5102	5103	5104	5105	5106	5107	5108	5109	5110	
	instr	5011	5012	5013	5014	5015	5016	5017	5018	5019	5020	
	instr	5111	5112	5113	5114	5115	5116	5117	5118	5119	5120	
	instr	5021	
sorting score ...
	... done
Csound version 5.13 (float samples) Jul 29 2012
displays suppressed
0dBFS level = 32768.0
orch now loaded
audio buffered in 256 sample-frame blocks
ALSA: -b 256 not allowed on this device; using 341 instead
writing 1024-byte blks of shorts to dac
SECTION 1:
1445049167.147269 ERROR root: Loading instrument images from /home/olpc/Activities/MusicKeyboard.activity/instruments
1445049167.148337 ERROR root: Adding /home/olpc/Activities/MusicKeyboard.activity/instruments/flute.png
1445049167.175528 ERROR root: Adding /home/olpc/Activities/MusicKeyboard.activity/instruments/harmonium.png
1445049167.183005 ERROR root: Adding /home/olpc/Activities/MusicKeyboard.activity/instruments/guit.png
1445049167.189993 ERROR root: Adding /home/olpc/Activities/MusicKeyboard.activity/instruments/trumpet.png
1445049167.196585 ERROR root: Adding /home/olpc/Activities/MusicKeyboard.activity/instruments/rhodes.png
1445049167.203543 ERROR root: Adding /home/olpc/Activities/MusicKeyboard.activity/instruments/banjo.png
1445049167.210226 ERROR root: Adding /home/olpc/Activities/MusicKeyboard.activity/instruments/shenai.png
1445049167.216757 ERROR root: Adding /home/olpc/Activities/MusicKeyboard.activity/instruments/flugel.png
1445049167.223898 ERROR root: Adding /home/olpc/Activities/MusicKeyboard.activity/instruments/clavinet.png
1445049167.231161 ERROR root: Adding /home/olpc/Activities/MusicKeyboard.activity/instruments/mando.png
1445049167.237936 ERROR root: Adding /home/olpc/Activities/MusicKeyboard.activity/instruments/ocarina.png
1445049167.244376 ERROR root: Adding /home/olpc/Activities/MusicKeyboard.activity/instruments/chimes.png
1445049167.251486 ERROR root: Adding /home/olpc/Activities/MusicKeyboard.activity/instruments/saxo.png
1445049167.271475 ERROR root: Adding /home/olpc/Activities/MusicKeyboard.activity/instruments/cello.png
1445049167.279379 ERROR root: Adding /home/olpc/Activities/MusicKeyboard.activity/instruments/violin.png
1445049167.286398 ERROR root: Adding /home/olpc/Activities/MusicKeyboard.activity/instruments/acguit.png
1445049167.293509 ERROR root: Adding /home/olpc/Activities/MusicKeyboard.activity/instruments/harpsichord.png
1445049167.300680 ERROR root: Adding /home/olpc/Activities/MusicKeyboard.activity/instruments/clarinette.png
1445049167.307120 ERROR root: Adding /home/olpc/Activities/MusicKeyboard.activity/instruments/guitshort.png
1445049167.313956 ERROR root: Adding /home/olpc/Activities/MusicKeyboard.activity/instruments/koto.png
1445049167.320883 ERROR root: Adding /home/olpc/Activities/MusicKeyboard.activity/instruments/sitar.png
1445049167.327719 ERROR root: Adding /home/olpc/Activities/MusicKeyboard.activity/instruments/sarangi.png
1445049167.334830 ERROR root: Adding /home/olpc/Activities/MusicKeyboard.activity/instruments/templebell.png
1445049167.342184 ERROR root: Adding /home/olpc/Activities/MusicKeyboard.activity/instruments/saxsoprano.png
1445049167.348746 ERROR root: Adding /home/olpc/Activities/MusicKeyboard.activity/instruments/ukulele.png
1445049167.355337 ERROR root: Adding /home/olpc/Activities/MusicKeyboard.activity/instruments/marimba.png
1445049167.376822 ERROR root: Adding /home/olpc/Activities/MusicKeyboard.activity/instruments/tuba.png
1445049167.384207 ERROR root: Adding /home/olpc/Activities/MusicKeyboard.activity/instruments/au_pipes.png
1445049167.390707 ERROR root: Adding /home/olpc/Activities/MusicKeyboard.activity/instruments/harmonica.png
1445049167.397421 ERROR root: Adding /home/olpc/Activities/MusicKeyboard.activity/instruments/kalimba.png
1445049167.404501 ERROR root: Adding /home/olpc/Activities/MusicKeyboard.activity/instruments/piano.png
1445049167.411703 ERROR root: Adding /home/olpc/Activities/MusicKeyboard.activity/instruments/basse.png
1445049167.418356 ERROR root: Adding /home/olpc/Activities/MusicKeyboard.activity/instruments/didjeridu.png
Traceback (most recent call last):
  File "/home/olpc/Activities/MusicKeyboard.activity/draw_piano.py", line 140, in __event_cb
    del self._touches[seq]
KeyError: '<void at 0x32d>'
1445049837.878928 WARNING root: No Gtk.AccelGroup in the top level window.
Traceback (most recent call last):
  File "/home/olpc/Activities/MusicKeyboard.activity/activity.py", line 224, in __instrument_iconview_activated_cb
    item = widget.get_selected_items()[0]
IndexError: list index out of range
inactive allocs returned to freespace
end of score.		   overall amps:  70632.9  70632.9
	   overall samples out of range:     1078     1078
0 errors in performance
41909 1024-byte soundblks of shorts written to dac
Exited with status 0, pid 6167 data (None, <open file '<fdopen>', mode 'w' at 0x1913338>, '6ccac021ca1366c58b79340d9d293ec7fd6f6e8d')
