
(sugar-activity:2752): Gtk-WARNING **: Theme parsing error: gtk-widgets.css:177:16: Missing name of pseudo-class

(sugar-activity:2752): Gtk-WARNING **: Theme parsing error: gtk-widgets.css:180:16: Missing name of pseudo-class

(sugar-activity:2752): Gtk-WARNING **: Theme parsing error: gtk-widgets.css:553:32: Missing name of pseudo-class

(sugar-activity:2752): Gtk-WARNING **: Theme parsing error: gtk-widgets.css:563:32: Missing name of pseudo-class

(sugar-activity:2752): Gtk-WARNING **: Theme parsing error: gtk-widgets.css:572:48: Missing name of pseudo-class

(sugar-activity:2752): Gtk-WARNING **: Theme parsing error: gtk-widgets.css:703:7: Missing name of pseudo-class

(sugar-activity:2752): Gtk-WARNING **: Theme parsing error: gtk-widgets.css:717:7: Missing name of pseudo-class

(sugar-activity:2752): Gtk-WARNING **: Theme parsing error: gtk-widgets.css:746:7: Missing name of pseudo-class

(sugar-activity:2752): Gtk-WARNING **: Theme parsing error: gtk-widgets.css:760:7: Missing name of pseudo-class
1445040966.651937 WARNING root: No Gtk.AccelGroup in the top level window.
1445040966.703542 WARNING root: No Gtk.AccelGroup in the top level window.
1445040966.727651 WARNING root: No Gtk.AccelGroup in the top level window.
1445040967.293417 WARNING root: No Gtk.AccelGroup in the top level window.
1445040967.327718 WARNING root: No Gtk.AccelGroup in the top level window.
1445040967.329000 WARNING root: No Gtk.AccelGroup in the top level window.
1445040967.330129 WARNING root: No Gtk.AccelGroup in the top level window.
1445040967.355459 WARNING root: No Gtk.AccelGroup in the top level window.
1445040967.356741 WARNING root: No Gtk.AccelGroup in the top level window.
1445040967.357748 WARNING root: No Gtk.AccelGroup in the top level window.
1445040967.476125 ERROR root: Showing empty Panel
1445042544.608075 ERROR dbus.connection: Exception in handler for D-Bus signal:
Traceback (most recent call last):
  File "/usr/lib/python2.7/site-packages/dbus/connection.py", line 230, in maybe_handle_message
    self._handler(*args, **kwargs)
  File "/usr/lib/python2.7/site-packages/sugar3/presence/connectionmanager.py", line 91, in __status_changed_cb
    self._connections_per_account[account_path].connected = False
KeyError: dbus.ObjectPath('/org/freedesktop/Telepathy/Account/salut/local_xmpp/account0')
1445043473.161337 WARNING root: No Gtk.AccelGroup in the top level window.
1445043473.202933 WARNING root: No Gtk.AccelGroup in the top level window.
1445043473.204245 WARNING root: No Gtk.AccelGroup in the top level window.
1445043473.205252 WARNING root: No Gtk.AccelGroup in the top level window.
Exited with status 0, pid 2752 data (None, <open file '<fdopen>', mode 'w' at 0x14c8bd0>, 'c749b0bd3ceb3a7e31cdb653cb463ff607b956d4')
