1445040108.091970 ERROR root: skip /home/olpc/Activities/Paint.activity/fill/linux32_27 blobs: /home/olpc/Activities/Paint.activity/fill/linux32_27/_fill.so: cannot open shared object file: No such file or directory
1445040108.096364 ERROR root: use /home/olpc/Activities/Paint.activity/fill/armv7l_27 blobs
1445040108.097097 ERROR root: Found fill binaries.

(sugar-activity:2092): Gtk-WARNING **: Theme parsing error: gtk-widgets.css:177:16: Missing name of pseudo-class

(sugar-activity:2092): Gtk-WARNING **: Theme parsing error: gtk-widgets.css:180:16: Missing name of pseudo-class

(sugar-activity:2092): Gtk-WARNING **: Theme parsing error: gtk-widgets.css:553:32: Missing name of pseudo-class

(sugar-activity:2092): Gtk-WARNING **: Theme parsing error: gtk-widgets.css:563:32: Missing name of pseudo-class

(sugar-activity:2092): Gtk-WARNING **: Theme parsing error: gtk-widgets.css:572:48: Missing name of pseudo-class

(sugar-activity:2092): Gtk-WARNING **: Theme parsing error: gtk-widgets.css:703:7: Missing name of pseudo-class

(sugar-activity:2092): Gtk-WARNING **: Theme parsing error: gtk-widgets.css:717:7: Missing name of pseudo-class

(sugar-activity:2092): Gtk-WARNING **: Theme parsing error: gtk-widgets.css:746:7: Missing name of pseudo-class

(sugar-activity:2092): Gtk-WARNING **: Theme parsing error: gtk-widgets.css:760:7: Missing name of pseudo-class
1445040109.219655 ERROR root: Setting dpi to: 200.000000
1445040109.325521 ERROR root: exception 'state'
1445040109.577840 WARNING root: No Gtk.AccelGroup in the top level window.
1445040109.627309 WARNING root: No Gtk.AccelGroup in the top level window.
1445040109.650686 WARNING root: No Gtk.AccelGroup in the top level window.
1445040109.745626 WARNING root: No Gtk.AccelGroup in the top level window.
1445040109.746908 WARNING root: No Gtk.AccelGroup in the top level window.
1445040109.747915 WARNING root: No Gtk.AccelGroup in the top level window.
1445040109.765523 WARNING root: No Gtk.AccelGroup in the top level window.
1445040109.766775 WARNING root: No Gtk.AccelGroup in the top level window.
1445040109.767751 WARNING root: No Gtk.AccelGroup in the top level window.
1445040109.780446 WARNING root: icon_size is deprecated. Use pixel_size instead.
1445040109.928914 WARNING root: icon_size is deprecated. Use pixel_size instead.
1445040109.937581 WARNING root: icon_size is deprecated. Use pixel_size instead.
1445040109.946035 WARNING root: icon_size is deprecated. Use pixel_size instead.
1445040109.954580 WARNING root: icon_size is deprecated. Use pixel_size instead.
1445040109.963064 WARNING root: icon_size is deprecated. Use pixel_size instead.
1445040109.971487 WARNING root: icon_size is deprecated. Use pixel_size instead.
1445040109.979970 WARNING root: icon_size is deprecated. Use pixel_size instead.
1445040109.988485 WARNING root: icon_size is deprecated. Use pixel_size instead.
1445040109.996908 WARNING root: icon_size is deprecated. Use pixel_size instead.
1445040110.006460 WARNING root: icon_size is deprecated. Use pixel_size instead.
1445040110.014730 WARNING root: icon_size is deprecated. Use pixel_size instead.
1445040110.023336 WARNING root: icon_size is deprecated. Use pixel_size instead.
1445040110.841573 WARNING root: No Gtk.AccelGroup in the top level window.

(sugar-activity:2092): Gdk-CRITICAL **: gdk_device_get_source: assertion `GDK_IS_DEVICE (device)' failed

(sugar-activity:2092): Gdk-CRITICAL **: gdk_device_get_source: assertion `GDK_IS_DEVICE (device)' failed

(sugar-activity:2092): Gdk-CRITICAL **: gdk_device_get_source: assertion `GDK_IS_DEVICE (device)' failed

(sugar-activity:2092): Gdk-CRITICAL **: gdk_device_get_source: assertion `GDK_IS_DEVICE (device)' failed
1445040117.630727 WARNING root: No Gtk.AccelGroup in the top level window.
1445040117.725088 WARNING root: No Gtk.AccelGroup in the top level window.
1445040117.726461 WARNING root: No Gtk.AccelGroup in the top level window.
1445040117.727651 WARNING root: No Gtk.AccelGroup in the top level window.
Exited with status 0, pid 2092 data (None, <open file '<fdopen>', mode 'w' at 0xf825a0>, 'b7ea44ef8c3987d3183225fad32ba26596b1b2b0')
