** Message: pygobject_register_sinkfunc is deprecated (HippoCanvasBox)
** Message: pygobject_register_sinkfunc is deprecated (GstObject)
/usr/bin/espeak
1445048725.041769 WARNING root: KeepButton has been deprecated since Sugar 0.94 and should not be used in newly written code.
1445048725.053305 WARNING root: No gtk.AccelGroup in the top level window.
1445048725.069022 WARNING root: No gtk.AccelGroup in the top level window.
/usr/lib/python2.7/site-packages/sugar/graphics/toolbarbox.py:117: Warning: g_object_set_qdata: assertion `G_IS_OBJECT (object)' failed
  self.props.palette.add(self.page_widget)
1445048725.135825 ERROR root: <voice.Voice instance at 0x8a32d8>
1445048725.469778 WARNING root: No gtk.AccelGroup in the top level window.
/usr/lib/python2.7/site-packages/sugar/graphics/window.py:194: Warning: g_object_set_qdata: assertion `G_IS_OBJECT (object)' failed
  self.__vbox.pack_start(toolbar_box, False)
1445048725.480154 WARNING root: No gtk.AccelGroup in the top level window.
/usr/lib/python2.7/site-packages/sugar/graphics/toolbarbox.py:45: Warning: g_object_set_qdata: assertion `G_IS_OBJECT (object)' failed
  self.parent.owner.pack_start(self.page_widget)
1445048725.488882 WARNING root: No gtk.AccelGroup in the top level window.
/home/olpc/Activities/Speak.activity/activity.py:445: PangoWarning: pango_layout_get_cursor_pos: assertion `index >= 0 && index <= layout->length' failed
  pos = layout.get_cursor_pos(index)
1445048924.951254 WARNING root: No gtk.AccelGroup in the top level window.
/usr/lib/python2.7/site-packages/sugar/graphics/toolbarbox.py:108: Warning: g_object_set_qdata: assertion `G_IS_OBJECT (object)' failed
  box.pack_start(self.page_widget)
1445048942.687918 WARNING root: No gtk.AccelGroup in the top level window.
1445048969.294119 WARNING root: No gtk.AccelGroup in the top level window.
1445048969.300101 WARNING root: No gtk.AccelGroup in the top level window.
Best voice for LANG en_US.UTF-8 seems to be en-us English (USA)
Exited with status 0, pid 5971 data (None, <open file '<fdopen>', mode 'w' at 0x168b230>, dbus.ByteArray('11f55d3fadd1b6cefe22942ddb8e4239c459ac36', variant_level=1))
