
(sugar-activity:7521): Gtk-WARNING **: Theme parsing error: gtk-widgets.css:177:16: Missing name of pseudo-class

(sugar-activity:7521): Gtk-WARNING **: Theme parsing error: gtk-widgets.css:180:16: Missing name of pseudo-class

(sugar-activity:7521): Gtk-WARNING **: Theme parsing error: gtk-widgets.css:553:32: Missing name of pseudo-class

(sugar-activity:7521): Gtk-WARNING **: Theme parsing error: gtk-widgets.css:563:32: Missing name of pseudo-class

(sugar-activity:7521): Gtk-WARNING **: Theme parsing error: gtk-widgets.css:572:48: Missing name of pseudo-class

(sugar-activity:7521): Gtk-WARNING **: Theme parsing error: gtk-widgets.css:703:7: Missing name of pseudo-class

(sugar-activity:7521): Gtk-WARNING **: Theme parsing error: gtk-widgets.css:717:7: Missing name of pseudo-class

(sugar-activity:7521): Gtk-WARNING **: Theme parsing error: gtk-widgets.css:746:7: Missing name of pseudo-class

(sugar-activity:7521): Gtk-WARNING **: Theme parsing error: gtk-widgets.css:760:7: Missing name of pseudo-class

(sugar-activity:7521): Gtk-CRITICAL **: gtk_radio_button_set_group: assertion `!g_slist_find (group, radio_button)' failed
1445049260.284079 WARNING root: No Gtk.AccelGroup in the top level window.
Logging disabled on purpose
0dBFS level = 32768.0
Csound version 5.13 (float samples) Jul 29 2012
libsndfile-1.0.25
UnifiedCSD:  /home/olpc/Activities/MusicKeyboard.activity/common/Resources/tamtamorc.csd
STARTING FILE
Creating options
Creating orchestra
Creating score
orchname:  /tmp/csound-5mzxkL.orc
scorename: /tmp/csound-4fL9kl.sco
rtaudio: ALSA module enabled
orch compiler:
	opcode	homeSine	a	kki	
	opcode	synthGrain	a	aaiiii	
	opcode	ControlMatrice	i	iikkkk	
	opcode	SourceMatrice	i	iaaaa	
	opcode	FxMatrice	i	iaaaa	
	opcode	controller	k	ii	
	opcode	source	a	ii	
	opcode	effects	a	ii	
	instr	200	
	instr	5600	
	instr	5400	
	instr	5401	
	instr	5201	
	instr	5202	
	instr	5212	
	instr	6000	
	instr	5204	
	instr	5203	
	instr	5000	
	instr	5022	
	instr	5023	
	instr	5001	5002	5003	5004	5005	5006	5007	5008	5009	5010	
	instr	5101	5102	5103	5104	5105	5106	5107	5108	5109	5110	
	instr	5011	5012	5013	5014	5015	5016	5017	5018	5019	5020	
	instr	5111	5112	5113	5114	5115	5116	5117	5118	5119	5120	
	instr	5021	
sorting score ...
	... done
Csound version 5.13 (float samples) Jul 29 2012
displays suppressed
0dBFS level = 32768.0
orch now loaded
audio buffered in 256 sample-frame blocks
ALSA: -b 256 not allowed on this device; using 341 instead
writing 1024-byte blks of shorts to dac
SECTION 1:
1445049260.849509 ERROR root: Loading instrument images from /home/olpc/Activities/MusicKeyboard.activity/instruments
1445049260.854483 ERROR root: Adding /home/olpc/Activities/MusicKeyboard.activity/instruments/flute.png
1445049260.888815 ERROR root: Adding /home/olpc/Activities/MusicKeyboard.activity/instruments/harmonium.png
1445049260.897360 ERROR root: Adding /home/olpc/Activities/MusicKeyboard.activity/instruments/guit.png
1445049260.912741 ERROR root: Adding /home/olpc/Activities/MusicKeyboard.activity/instruments/trumpet.png
1445049260.928854 ERROR root: Adding /home/olpc/Activities/MusicKeyboard.activity/instruments/rhodes.png
1445049260.936941 ERROR root: Adding /home/olpc/Activities/MusicKeyboard.activity/instruments/banjo.png
1445049260.944907 ERROR root: Adding /home/olpc/Activities/MusicKeyboard.activity/instruments/shenai.png
1445049260.953238 ERROR root: Adding /home/olpc/Activities/MusicKeyboard.activity/instruments/flugel.png
1445049260.961203 ERROR root: Adding /home/olpc/Activities/MusicKeyboard.activity/instruments/clavinet.png
1445049260.969321 ERROR root: Adding /home/olpc/Activities/MusicKeyboard.activity/instruments/mando.png
1445049260.977286 ERROR root: Adding /home/olpc/Activities/MusicKeyboard.activity/instruments/ocarina.png
1445049260.984885 ERROR root: Adding /home/olpc/Activities/MusicKeyboard.activity/instruments/chimes.png
1445049260.993338 ERROR root: Adding /home/olpc/Activities/MusicKeyboard.activity/instruments/saxo.png
1445049261.001211 ERROR root: Adding /home/olpc/Activities/MusicKeyboard.activity/instruments/cello.png
1445049261.022513 ERROR root: Adding /home/olpc/Activities/MusicKeyboard.activity/instruments/violin.png
1445049261.032309 ERROR root: Adding /home/olpc/Activities/MusicKeyboard.activity/instruments/acguit.png
1445049261.040518 ERROR root: Adding /home/olpc/Activities/MusicKeyboard.activity/instruments/harpsichord.png
1445049261.048849 ERROR root: Adding /home/olpc/Activities/MusicKeyboard.activity/instruments/clarinette.png
1445049261.056296 ERROR root: Adding /home/olpc/Activities/MusicKeyboard.activity/instruments/guitshort.png
1445049261.064322 ERROR root: Adding /home/olpc/Activities/MusicKeyboard.activity/instruments/koto.png
1445049261.073172 ERROR root: Adding /home/olpc/Activities/MusicKeyboard.activity/instruments/sitar.png
1445049261.081076 ERROR root: Adding /home/olpc/Activities/MusicKeyboard.activity/instruments/sarangi.png
1445049261.089163 ERROR root: Adding /home/olpc/Activities/MusicKeyboard.activity/instruments/templebell.png
1445049261.097586 ERROR root: Adding /home/olpc/Activities/MusicKeyboard.activity/instruments/saxsoprano.png
1445049261.105063 ERROR root: Adding /home/olpc/Activities/MusicKeyboard.activity/instruments/ukulele.png
1445049261.125967 ERROR root: Adding /home/olpc/Activities/MusicKeyboard.activity/instruments/marimba.png
1445049261.134695 ERROR root: Adding /home/olpc/Activities/MusicKeyboard.activity/instruments/tuba.png
1445049261.143057 ERROR root: Adding /home/olpc/Activities/MusicKeyboard.activity/instruments/au_pipes.png
1445049261.151327 ERROR root: Adding /home/olpc/Activities/MusicKeyboard.activity/instruments/harmonica.png
1445049261.159140 ERROR root: Adding /home/olpc/Activities/MusicKeyboard.activity/instruments/kalimba.png
1445049261.167074 ERROR root: Adding /home/olpc/Activities/MusicKeyboard.activity/instruments/piano.png
1445049261.175192 ERROR root: Adding /home/olpc/Activities/MusicKeyboard.activity/instruments/basse.png
1445049261.183066 ERROR root: Adding /home/olpc/Activities/MusicKeyboard.activity/instruments/didjeridu.png
Traceback (most recent call last):
  File "/home/olpc/Activities/MusicKeyboard.activity/activity.py", line 224, in __instrument_iconview_activated_cb
    item = widget.get_selected_items()[0]
IndexError: list index out of range
1445049838.422598 WARNING root: No Gtk.AccelGroup in the top level window.
Traceback (most recent call last):
  File "/home/olpc/Activities/MusicKeyboard.activity/activity.py", line 224, in __instrument_iconview_activated_cb
    item = widget.get_selected_items()[0]
IndexError: list index out of range
inactive allocs returned to freespace
end of score.		   overall amps:  45153.6  45153.6
	   overall samples out of range:       28       28
0 errors in performance
36095 1024-byte soundblks of shorts written to dac
Exited with status 0, pid 7521 data (None, <open file '<fdopen>', mode 'w' at 0x1893440>, '3f0ce7b988b3251d4ba5d7b1554b0d0352c86322')
