
(sugar-activity:5753): Gtk-WARNING **: Theme parsing error: gtk-widgets.css:177:16: Missing name of pseudo-class

(sugar-activity:5753): Gtk-WARNING **: Theme parsing error: gtk-widgets.css:180:16: Missing name of pseudo-class

(sugar-activity:5753): Gtk-WARNING **: Theme parsing error: gtk-widgets.css:553:32: Missing name of pseudo-class

(sugar-activity:5753): Gtk-WARNING **: Theme parsing error: gtk-widgets.css:563:32: Missing name of pseudo-class

(sugar-activity:5753): Gtk-WARNING **: Theme parsing error: gtk-widgets.css:572:48: Missing name of pseudo-class

(sugar-activity:5753): Gtk-WARNING **: Theme parsing error: gtk-widgets.css:703:7: Missing name of pseudo-class

(sugar-activity:5753): Gtk-WARNING **: Theme parsing error: gtk-widgets.css:717:7: Missing name of pseudo-class

(sugar-activity:5753): Gtk-WARNING **: Theme parsing error: gtk-widgets.css:746:7: Missing name of pseudo-class

(sugar-activity:5753): Gtk-WARNING **: Theme parsing error: gtk-widgets.css:760:7: Missing name of pseudo-class
1445044651.907309 WARNING root: No Gtk.AccelGroup in the top level window.
1445044652.017538 WARNING root: No Gtk.AccelGroup in the top level window.
1445044652.136557 WARNING root: No Gtk.AccelGroup in the top level window.
1445044652.240073 WARNING root: No Gtk.AccelGroup in the top level window.
1445044652.343375 WARNING root: No Gtk.AccelGroup in the top level window.
1445044652.448904 WARNING root: No Gtk.AccelGroup in the top level window.
1445044652.475180 WARNING root: No Gtk.AccelGroup in the top level window.
1445044652.529837 WARNING root: No Gtk.AccelGroup in the top level window.
1445044652.556082 WARNING root: No Gtk.AccelGroup in the top level window.
1445044652.582693 WARNING root: No Gtk.AccelGroup in the top level window.
1445044652.636954 WARNING root: No Gtk.AccelGroup in the top level window.
1445044652.666159 WARNING root: No Gtk.AccelGroup in the top level window.
1445044652.714285 WARNING root: No Gtk.AccelGroup in the top level window.
1445044652.838400 WARNING root: No Gtk.AccelGroup in the top level window.
1445044652.866110 WARNING root: No Gtk.AccelGroup in the top level window.
1445044652.924307 WARNING root: No Gtk.AccelGroup in the top level window.
1445044653.051443 WARNING root: No Gtk.AccelGroup in the top level window.
1445044653.052786 WARNING root: No Gtk.AccelGroup in the top level window.
1445044653.053885 WARNING root: No Gtk.AccelGroup in the top level window.
1445044653.055014 WARNING root: No Gtk.AccelGroup in the top level window.
1445044653.056113 WARNING root: No Gtk.AccelGroup in the top level window.
1445044653.057242 WARNING root: No Gtk.AccelGroup in the top level window.
1445044653.058340 WARNING root: No Gtk.AccelGroup in the top level window.
1445044653.059439 WARNING root: No Gtk.AccelGroup in the top level window.
1445044653.060568 WARNING root: No Gtk.AccelGroup in the top level window.
1445044653.061697 WARNING root: No Gtk.AccelGroup in the top level window.
1445044653.062796 WARNING root: No Gtk.AccelGroup in the top level window.
1445044653.063895 WARNING root: No Gtk.AccelGroup in the top level window.
1445044653.108389 WARNING root: No Gtk.AccelGroup in the top level window.
1445044653.109701 WARNING root: No Gtk.AccelGroup in the top level window.
1445044653.110861 WARNING root: No Gtk.AccelGroup in the top level window.
1445044653.111960 WARNING root: No Gtk.AccelGroup in the top level window.
1445044653.113089 WARNING root: No Gtk.AccelGroup in the top level window.
1445044653.114188 WARNING root: No Gtk.AccelGroup in the top level window.
1445044653.115317 WARNING root: No Gtk.AccelGroup in the top level window.
1445044653.116446 WARNING root: No Gtk.AccelGroup in the top level window.
1445044653.117544 WARNING root: No Gtk.AccelGroup in the top level window.
1445044653.118643 WARNING root: No Gtk.AccelGroup in the top level window.
1445044653.119742 WARNING root: No Gtk.AccelGroup in the top level window.
1445044653.120901 WARNING root: No Gtk.AccelGroup in the top level window.
1445044653.153830 WARNING root: No Gtk.AccelGroup in the top level window.
1445044653.168875 WARNING root: No Gtk.AccelGroup in the top level window.
1445044653.200796 WARNING root: No Gtk.AccelGroup in the top level window.
1445044653.202170 WARNING root: No Gtk.AccelGroup in the top level window.
1445044653.203268 WARNING root: No Gtk.AccelGroup in the top level window.
1445044653.204397 WARNING root: No Gtk.AccelGroup in the top level window.
1445044653.205435 WARNING root: No Gtk.AccelGroup in the top level window.
1445044653.206564 WARNING root: No Gtk.AccelGroup in the top level window.
1445044653.207663 WARNING root: No Gtk.AccelGroup in the top level window.
1445044653.208792 WARNING root: No Gtk.AccelGroup in the top level window.
1445044653.209921 WARNING root: No Gtk.AccelGroup in the top level window.
1445044653.211081 WARNING root: No Gtk.AccelGroup in the top level window.
1445044653.212210 WARNING root: No Gtk.AccelGroup in the top level window.
1445044653.213309 WARNING root: No Gtk.AccelGroup in the top level window.
* Pygame selected as renderer
alpha difference: 24.3255752391
alpha difference: 140.861219729
alpha difference: 31.6646766854
alpha difference: 16.6962076809
Traceback (most recent call last):
  File "/home/olpc/Activities/Physics.activity/sugargame/event.py", line 124, in _quit_cb
    pygame.event.post(pygame.event.Event(pygame.QUIT))
pygame.error: video system not initialized
1445044685.744864 WARNING root: No Gtk.AccelGroup in the top level window.
1445044685.746115 WARNING root: No Gtk.AccelGroup in the top level window.
1445044685.747214 WARNING root: No Gtk.AccelGroup in the top level window.
1445044685.761832 WARNING root: No Gtk.AccelGroup in the top level window.
1445044685.763022 WARNING root: No Gtk.AccelGroup in the top level window.
1445044685.764029 WARNING root: No Gtk.AccelGroup in the top level window.
1445044685.765097 WARNING root: No Gtk.AccelGroup in the top level window.
1445044685.766135 WARNING root: No Gtk.AccelGroup in the top level window.
1445044685.767172 WARNING root: No Gtk.AccelGroup in the top level window.
1445044685.768210 WARNING root: No Gtk.AccelGroup in the top level window.
1445044685.769247 WARNING root: No Gtk.AccelGroup in the top level window.
1445044685.770377 WARNING root: No Gtk.AccelGroup in the top level window.
1445044685.771414 WARNING root: No Gtk.AccelGroup in the top level window.
1445044685.772452 WARNING root: No Gtk.AccelGroup in the top level window.
1445044685.773489 WARNING root: No Gtk.AccelGroup in the top level window.
1445044685.846091 WARNING root: No Gtk.AccelGroup in the top level window.
Exited with status 0, pid 5753 data (None, <open file '<fdopen>', mode 'w' at 0x145e548>, 'dc23d9346820dc941cab62cb901bdb4b5b932a2e')
