** Message: pygobject_register_sinkfunc is deprecated (HippoCanvasBox)
** Message: pygobject_register_sinkfunc is deprecated (GstObject)
/usr/bin/espeak
1445044722.929190 WARNING root: KeepButton has been deprecated since Sugar 0.94 and should not be used in newly written code.
1445044722.940817 WARNING root: No gtk.AccelGroup in the top level window.
1445044722.956290 WARNING root: No gtk.AccelGroup in the top level window.
/usr/lib/python2.7/site-packages/sugar/graphics/toolbarbox.py:117: Warning: g_object_set_qdata: assertion `G_IS_OBJECT (object)' failed
  self.props.palette.add(self.page_widget)
1445044723.021658 ERROR root: <voice.Voice instance at 0x8a31e8>
1445044723.351340 WARNING root: No gtk.AccelGroup in the top level window.
/usr/lib/python2.7/site-packages/sugar/graphics/window.py:194: Warning: g_object_set_qdata: assertion `G_IS_OBJECT (object)' failed
  self.__vbox.pack_start(toolbar_box, False)
1445044723.361624 WARNING root: No gtk.AccelGroup in the top level window.
/usr/lib/python2.7/site-packages/sugar/graphics/toolbarbox.py:45: Warning: g_object_set_qdata: assertion `G_IS_OBJECT (object)' failed
  self.parent.owner.pack_start(self.page_widget)
1445044723.370657 WARNING root: No gtk.AccelGroup in the top level window.
1445044728.038290 WARNING root: No gtk.AccelGroup in the top level window.
/usr/lib/python2.7/site-packages/sugar/graphics/toolbarbox.py:108: Warning: g_object_set_qdata: assertion `G_IS_OBJECT (object)' failed
  box.pack_start(self.page_widget)
1445044733.724478 WARNING root: No gtk.AccelGroup in the top level window.
/home/olpc/Activities/Speak.activity/activity.py:445: PangoWarning: pango_layout_get_cursor_pos: assertion `index >= 0 && index <= layout->length' failed
  pos = layout.get_cursor_pos(index)
1445044769.570792 ERROR root: set_voice to current voice English (USA)
1445044772.244589 ERROR root: set_voice <voice.Voice instance at 0x8a30f8>
1445044833.744742 WARNING root: No gtk.AccelGroup in the top level window.
1445044833.755911 WARNING root: No gtk.AccelGroup in the top level window.
Best voice for LANG en_US.UTF-8 seems to be en-us English (USA)
Loading brain from bot/alice.brn... done (40564 categories in 7.89 seconds)
Exited with status 0, pid 5788 data (None, <open file '<fdopen>', mode 'w' at 0x145e548>, '4e75ef69b7f5e0e6c600c3aeeeaf976378e865a1')
