** Message: pygobject_register_sinkfunc is deprecated (HippoCanvasBox)
** Message: pygobject_register_sinkfunc is deprecated (GstObject)
/usr/bin/espeak
1445055314.593800 WARNING root: KeepButton has been deprecated since Sugar 0.94 and should not be used in newly written code.
1445055314.605396 WARNING root: No gtk.AccelGroup in the top level window.
1445055314.620960 WARNING root: No gtk.AccelGroup in the top level window.
/usr/lib/python2.7/site-packages/sugar/graphics/toolbarbox.py:117: Warning: g_object_set_qdata: assertion `G_IS_OBJECT (object)' failed
  self.props.palette.add(self.page_widget)
1445055314.687916 ERROR root: <voice.Voice instance at 0x8a31e8>
1445055315.016590 WARNING root: No gtk.AccelGroup in the top level window.
/usr/lib/python2.7/site-packages/sugar/graphics/window.py:194: Warning: g_object_set_qdata: assertion `G_IS_OBJECT (object)' failed
  self.__vbox.pack_start(toolbar_box, False)
1445055315.028004 WARNING root: No gtk.AccelGroup in the top level window.
/usr/lib/python2.7/site-packages/sugar/graphics/toolbarbox.py:45: Warning: g_object_set_qdata: assertion `G_IS_OBJECT (object)' failed
  self.parent.owner.pack_start(self.page_widget)
1445055315.036335 WARNING root: No gtk.AccelGroup in the top level window.
1445055366.528950 ERROR dbus.connection: Exception in handler for D-Bus signal:
Traceback (most recent call last):
  File "/usr/lib/python2.7/site-packages/dbus/connection.py", line 230, in maybe_handle_message
    self._handler(*args, **kwargs)
  File "/usr/lib/python2.7/site-packages/sugar/presence/connectionmanager.py", line 89, in __status_changed_cb
    self._connections_per_account[account_path].connected = False
KeyError: dbus.ObjectPath('/org/freedesktop/Telepathy/Account/salut/local_xmpp/account0')
/home/olpc/Activities/Speak.activity/activity.py:445: PangoWarning: pango_layout_get_cursor_pos: assertion `index >= 0 && index <= layout->length' failed
  pos = layout.get_cursor_pos(index)

(sugar-activity:1525): GConf-WARNING **: Got Disconnected from DBus.

