
(main.py:549): Gtk-WARNING **: Theme parsing error: gtk-widgets.css:177:16: Missing name of pseudo-class

(main.py:549): Gtk-WARNING **: Theme parsing error: gtk-widgets.css:180:16: Missing name of pseudo-class

(main.py:549): Gtk-WARNING **: Theme parsing error: gtk-widgets.css:553:32: Missing name of pseudo-class

(main.py:549): Gtk-WARNING **: Theme parsing error: gtk-widgets.css:563:32: Missing name of pseudo-class

(main.py:549): Gtk-WARNING **: Theme parsing error: gtk-widgets.css:572:48: Missing name of pseudo-class

(main.py:549): Gtk-WARNING **: Theme parsing error: gtk-widgets.css:703:7: Missing name of pseudo-class

(main.py:549): Gtk-WARNING **: Theme parsing error: gtk-widgets.css:717:7: Missing name of pseudo-class

(main.py:549): Gtk-WARNING **: Theme parsing error: gtk-widgets.css:746:7: Missing name of pseudo-class

(main.py:549): Gtk-WARNING **: Theme parsing error: gtk-widgets.css:760:7: Missing name of pseudo-class
1445055487.520347 WARNING root: No Gtk.AccelGroup in the top level window.
1445055487.571525 WARNING root: No Gtk.AccelGroup in the top level window.
1445055490.552848 WARNING root: icon_size is deprecated. Use pixel_size instead.
1445055490.598106 WARNING root: icon_size is deprecated. Use pixel_size instead.
1445055490.642784 WARNING root: icon_size is deprecated. Use pixel_size instead.
Window manager warning: Buggy client sent a _NET_ACTIVE_WINDOW message with a timestamp of 0 for 0x40005f (main.py)
Window manager warning: meta_window_activate called by a pager with a 0 timestamp; the pager needs to be fixed.
1445055492.954032 WARNING root: No Gtk.AccelGroup in the top level window.
1445055492.989830 WARNING root: No Gtk.AccelGroup in the top level window.
1445055493.019462 WARNING root: No Gtk.AccelGroup in the top level window.
1445055493.049369 WARNING root: No Gtk.AccelGroup in the top level window.
1445055495.859459 WARNING root: icon_size is deprecated. Use pixel_size instead.
1445055495.937034 WARNING root: icon_size is deprecated. Use pixel_size instead.

(main.py:549): Gtk-CRITICAL **: gtk_widget_set_size_request: assertion `width >= -1' failed

(main.py:549): Gtk-CRITICAL **: gtk_widget_set_size_request: assertion `width >= -1' failed
1445055960.584062 ERROR root: Error getting the active access point: org.freedesktop.DBus.Error.UnknownMethod: Method "Get" with signature "ss" on interface "org.freedesktop.DBus.Properties" doesn't exist

1445055961.906562 WARNING root: icon_size is deprecated. Use pixel_size instead.
1445055961.978304 WARNING root: icon_size is deprecated. Use pixel_size instead.
1445055962.025084 WARNING root: icon_size is deprecated. Use pixel_size instead.
1445055963.176083 WARNING root: icon_size is deprecated. Use pixel_size instead.

(main.py:549): Gdk-WARNING **: main.py: Fatal IO error 11 (Resource temporarily unavailable) on X server :0.

g_dbus_connection_real_closed: Remote peer vanished with error: Underlying GIOStream returned 0 bytes on an async read (g-io-error-quark, 0). Exiting.
Window manager warning: Fatal IO error 11 (Resource temporarily unavailable) on display ':0'.
