
(sugar-activity:8108): Gtk-WARNING **: Theme parsing error: gtk-widgets.css:177:16: Missing name of pseudo-class

(sugar-activity:8108): Gtk-WARNING **: Theme parsing error: gtk-widgets.css:180:16: Missing name of pseudo-class

(sugar-activity:8108): Gtk-WARNING **: Theme parsing error: gtk-widgets.css:553:32: Missing name of pseudo-class

(sugar-activity:8108): Gtk-WARNING **: Theme parsing error: gtk-widgets.css:563:32: Missing name of pseudo-class

(sugar-activity:8108): Gtk-WARNING **: Theme parsing error: gtk-widgets.css:572:48: Missing name of pseudo-class

(sugar-activity:8108): Gtk-WARNING **: Theme parsing error: gtk-widgets.css:703:7: Missing name of pseudo-class

(sugar-activity:8108): Gtk-WARNING **: Theme parsing error: gtk-widgets.css:717:7: Missing name of pseudo-class

(sugar-activity:8108): Gtk-WARNING **: Theme parsing error: gtk-widgets.css:746:7: Missing name of pseudo-class

(sugar-activity:8108): Gtk-WARNING **: Theme parsing error: gtk-widgets.css:760:7: Missing name of pseudo-class
1445042131.832264 WARNING root: No Gtk.AccelGroup in the top level window.
1445042131.938984 WARNING root: icon_size is deprecated. Use pixel_size instead.
1445042131.966694 WARNING root: icon_size is deprecated. Use pixel_size instead.
1445042131.994373 WARNING root: icon_size is deprecated. Use pixel_size instead.

(sugar-activity:8108): Gtk-CRITICAL **: gtk_container_remove: assertion `gtk_widget_get_parent (widget) == GTK_WIDGET (container) || GTK_IS_ASSISTANT (container)' failed

(sugar-activity:8108): Gtk-CRITICAL **: gtk_container_remove: assertion `gtk_widget_get_parent (widget) == GTK_WIDGET (container) || GTK_IS_ASSISTANT (container)' failed

(sugar-activity:8108): Gtk-CRITICAL **: gtk_box_pack: assertion `gtk_widget_get_parent (child) == NULL' failed

(sugar-activity:8108): Gtk-CRITICAL **: gtk_box_pack: assertion `gtk_widget_get_parent (child) == NULL' failed
1445043607.821728 ERROR dbus.connection: Exception in handler for D-Bus signal:
Traceback (most recent call last):
  File "/usr/lib/python2.7/site-packages/dbus/connection.py", line 230, in maybe_handle_message
    self._handler(*args, **kwargs)
  File "/usr/lib/python2.7/site-packages/sugar3/presence/connectionmanager.py", line 91, in __status_changed_cb
    self._connections_per_account[account_path].connected = False
KeyError: dbus.ObjectPath('/org/freedesktop/Telepathy/Account/salut/local_xmpp/account0')
1445043613.228232 WARNING root: No Gtk.AccelGroup in the top level window.
Best voice for LANG en_US.UTF-8 seems to be en-us English-us
Exited with status 0, pid 8108 data (None, <open file '<fdopen>', mode 'w' at 0x129e020>, '86affe041c154d234a4f3b23a3e89b13c739d5ea')
