
(sugar-activity:9613): Gtk-WARNING **: Theme parsing error: gtk-widgets.css:177:16: Missing name of pseudo-class

(sugar-activity:9613): Gtk-WARNING **: Theme parsing error: gtk-widgets.css:180:16: Missing name of pseudo-class

(sugar-activity:9613): Gtk-WARNING **: Theme parsing error: gtk-widgets.css:553:32: Missing name of pseudo-class

(sugar-activity:9613): Gtk-WARNING **: Theme parsing error: gtk-widgets.css:563:32: Missing name of pseudo-class

(sugar-activity:9613): Gtk-WARNING **: Theme parsing error: gtk-widgets.css:572:48: Missing name of pseudo-class

(sugar-activity:9613): Gtk-WARNING **: Theme parsing error: gtk-widgets.css:703:7: Missing name of pseudo-class

(sugar-activity:9613): Gtk-WARNING **: Theme parsing error: gtk-widgets.css:717:7: Missing name of pseudo-class

(sugar-activity:9613): Gtk-WARNING **: Theme parsing error: gtk-widgets.css:746:7: Missing name of pseudo-class

(sugar-activity:9613): Gtk-WARNING **: Theme parsing error: gtk-widgets.css:760:7: Missing name of pseudo-class

(sugar-activity:9613): Gtk-CRITICAL **: gtk_radio_button_set_group: assertion `!g_slist_find (group, radio_button)' failed
1445049309.806814 WARNING root: No Gtk.AccelGroup in the top level window.
Logging disabled on purpose
0dBFS level = 32768.0
Csound version 5.13 (float samples) Jul 29 2012
libsndfile-1.0.25
UnifiedCSD:  /home/olpc/Activities/MusicKeyboard.activity/common/Resources/tamtamorc.csd
STARTING FILE
Creating options
Creating orchestra
Creating score
orchname:  /tmp/csound-9LAVnn.orc
scorename: /tmp/csound-81xL6A.sco
rtaudio: ALSA module enabled
orch compiler:
	opcode	homeSine	a	kki	
	opcode	synthGrain	a	aaiiii	
	opcode	ControlMatrice	i	iikkkk	
	opcode	SourceMatrice	i	iaaaa	
	opcode	FxMatrice	i	iaaaa	
	opcode	controller	k	ii	
	opcode	source	a	ii	
	opcode	effects	a	ii	
	instr	200	
	instr	5600	
	instr	5400	
	instr	5401	
	instr	5201	
	instr	5202	
	instr	5212	
	instr	6000	
	instr	5204	
	instr	5203	
	instr	5000	
	instr	5022	
	instr	5023	
	instr	5001	5002	5003	5004	5005	5006	5007	5008	5009	5010	
	instr	5101	5102	5103	5104	5105	5106	5107	5108	5109	5110	
	instr	5011	5012	5013	5014	5015	5016	5017	5018	5019	5020	
	instr	5111	5112	5113	5114	5115	5116	5117	5118	5119	5120	
	instr	5021	
sorting score ...
	... done
Csound version 5.13 (float samples) Jul 29 2012
displays suppressed
0dBFS level = 32768.0
orch now loaded
audio buffered in 256 sample-frame blocks
ALSA: -b 256 not allowed on this device; using 341 instead
writing 1024-byte blks of shorts to dac
SECTION 1:
1445049310.511130 ERROR root: Loading instrument images from /home/olpc/Activities/MusicKeyboard.activity/instruments
1445049310.513113 ERROR root: Adding /home/olpc/Activities/MusicKeyboard.activity/instruments/flute.png
1445049310.545523 ERROR root: Adding /home/olpc/Activities/MusicKeyboard.activity/instruments/harmonium.png
1445049310.554312 ERROR root: Adding /home/olpc/Activities/MusicKeyboard.activity/instruments/guit.png
1445049310.562521 ERROR root: Adding /home/olpc/Activities/MusicKeyboard.activity/instruments/trumpet.png
1445049310.572378 ERROR root: Adding /home/olpc/Activities/MusicKeyboard.activity/instruments/rhodes.png
1445049310.580527 ERROR root: Adding /home/olpc/Activities/MusicKeyboard.activity/instruments/banjo.png
1445049310.588248 ERROR root: Adding /home/olpc/Activities/MusicKeyboard.activity/instruments/shenai.png
1445049310.596548 ERROR root: Adding /home/olpc/Activities/MusicKeyboard.activity/instruments/flugel.png
1445049310.604544 ERROR root: Adding /home/olpc/Activities/MusicKeyboard.activity/instruments/clavinet.png
1445049310.612631 ERROR root: Adding /home/olpc/Activities/MusicKeyboard.activity/instruments/mando.png
1445049310.620566 ERROR root: Adding /home/olpc/Activities/MusicKeyboard.activity/instruments/ocarina.png
1445049310.627859 ERROR root: Adding /home/olpc/Activities/MusicKeyboard.activity/instruments/chimes.png
1445049310.636771 ERROR root: Adding /home/olpc/Activities/MusicKeyboard.activity/instruments/saxo.png
1445049310.644614 ERROR root: Adding /home/olpc/Activities/MusicKeyboard.activity/instruments/cello.png
1445049310.652731 ERROR root: Adding /home/olpc/Activities/MusicKeyboard.activity/instruments/violin.png
1445049310.674551 ERROR root: Adding /home/olpc/Activities/MusicKeyboard.activity/instruments/acguit.png
1445049310.683585 ERROR root: Adding /home/olpc/Activities/MusicKeyboard.activity/instruments/harpsichord.png
1445049310.691733 ERROR root: Adding /home/olpc/Activities/MusicKeyboard.activity/instruments/clarinette.png
1445049310.699118 ERROR root: Adding /home/olpc/Activities/MusicKeyboard.activity/instruments/guitshort.png
1445049310.707083 ERROR root: Adding /home/olpc/Activities/MusicKeyboard.activity/instruments/koto.png
1445049310.714835 ERROR root: Adding /home/olpc/Activities/MusicKeyboard.activity/instruments/sitar.png
1445049310.723471 ERROR root: Adding /home/olpc/Activities/MusicKeyboard.activity/instruments/sarangi.png
1445049310.731589 ERROR root: Adding /home/olpc/Activities/MusicKeyboard.activity/instruments/templebell.png
1445049310.739828 ERROR root: Adding /home/olpc/Activities/MusicKeyboard.activity/instruments/saxsoprano.png
1445049310.747305 ERROR root: Adding /home/olpc/Activities/MusicKeyboard.activity/instruments/ukulele.png
1445049310.754629 ERROR root: Adding /home/olpc/Activities/MusicKeyboard.activity/instruments/marimba.png
1445049310.776999 ERROR root: Adding /home/olpc/Activities/MusicKeyboard.activity/instruments/tuba.png
1445049310.785178 ERROR root: Adding /home/olpc/Activities/MusicKeyboard.activity/instruments/au_pipes.png
1445049310.792654 ERROR root: Adding /home/olpc/Activities/MusicKeyboard.activity/instruments/harmonica.png
1445049310.801199 ERROR root: Adding /home/olpc/Activities/MusicKeyboard.activity/instruments/kalimba.png
1445049310.808981 ERROR root: Adding /home/olpc/Activities/MusicKeyboard.activity/instruments/piano.png
1445049310.817129 ERROR root: Adding /home/olpc/Activities/MusicKeyboard.activity/instruments/basse.png
1445049310.824881 ERROR root: Adding /home/olpc/Activities/MusicKeyboard.activity/instruments/didjeridu.png
Traceback (most recent call last):
  File "/home/olpc/Activities/MusicKeyboard.activity/draw_piano.py", line 140, in __event_cb
    del self._touches[seq]
KeyError: 'None'
Traceback (most recent call last):
  File "/home/olpc/Activities/MusicKeyboard.activity/draw_piano.py", line 140, in __event_cb
    del self._touches[seq]
KeyError: 'None'
Traceback (most recent call last):
  File "/home/olpc/Activities/MusicKeyboard.activity/draw_piano.py", line 140, in __event_cb
    del self._touches[seq]
KeyError: 'None'
Traceback (most recent call last):
  File "/home/olpc/Activities/MusicKeyboard.activity/draw_piano.py", line 140, in __event_cb
    del self._touches[seq]
KeyError: 'None'
g_dbus_connection_real_closed: Remote peer vanished with error: Underlying GIOStream returned 0 bytes on an async read (g-io-error-quark, 0). Exiting.
Csound tidy up: Terminated
