** Message: pygobject_register_sinkfunc is deprecated (HippoCanvasBox)
** Message: pygobject_register_sinkfunc is deprecated (GstObject)
/usr/bin/espeak
1445049157.158774 WARNING root: KeepButton has been deprecated since Sugar 0.94 and should not be used in newly written code.
1445049157.170431 WARNING root: No gtk.AccelGroup in the top level window.
1445049157.186056 WARNING root: No gtk.AccelGroup in the top level window.
/usr/lib/python2.7/site-packages/sugar/graphics/toolbarbox.py:117: Warning: g_object_set_qdata: assertion `G_IS_OBJECT (object)' failed
  self.props.palette.add(self.page_widget)
1445049157.252127 ERROR root: <voice.Voice instance at 0x8a31e8>
1445049157.583090 WARNING root: No gtk.AccelGroup in the top level window.
/usr/lib/python2.7/site-packages/sugar/graphics/window.py:194: Warning: g_object_set_qdata: assertion `G_IS_OBJECT (object)' failed
  self.__vbox.pack_start(toolbar_box, False)
1445049157.593497 WARNING root: No gtk.AccelGroup in the top level window.
/usr/lib/python2.7/site-packages/sugar/graphics/toolbarbox.py:45: Warning: g_object_set_qdata: assertion `G_IS_OBJECT (object)' failed
  self.parent.owner.pack_start(self.page_widget)
1445049157.601767 WARNING root: No gtk.AccelGroup in the top level window.
1445049303.866812 WARNING root: No gtk.AccelGroup in the top level window.
1445049303.873923 WARNING root: No gtk.AccelGroup in the top level window.
Best voice for LANG en_US.UTF-8 seems to be en-us English (USA)
Exited with status 0, pid 9505 data (None, <open file '<fdopen>', mode 'w' at 0x129ec28>, 'd3b9638f30d7b581be5a1299ced53bdfaca3fb4f')
