
(main.py:551): Gtk-WARNING **: Theme parsing error: gtk-widgets.css:177:16: Missing name of pseudo-class

(main.py:551): Gtk-WARNING **: Theme parsing error: gtk-widgets.css:180:16: Missing name of pseudo-class

(main.py:551): Gtk-WARNING **: Theme parsing error: gtk-widgets.css:553:32: Missing name of pseudo-class

(main.py:551): Gtk-WARNING **: Theme parsing error: gtk-widgets.css:563:32: Missing name of pseudo-class

(main.py:551): Gtk-WARNING **: Theme parsing error: gtk-widgets.css:572:48: Missing name of pseudo-class

(main.py:551): Gtk-WARNING **: Theme parsing error: gtk-widgets.css:703:7: Missing name of pseudo-class

(main.py:551): Gtk-WARNING **: Theme parsing error: gtk-widgets.css:717:7: Missing name of pseudo-class

(main.py:551): Gtk-WARNING **: Theme parsing error: gtk-widgets.css:746:7: Missing name of pseudo-class

(main.py:551): Gtk-WARNING **: Theme parsing error: gtk-widgets.css:760:7: Missing name of pseudo-class
1445050077.716694 WARNING root: No Gtk.AccelGroup in the top level window.
1445050077.766102 WARNING root: No Gtk.AccelGroup in the top level window.
1445050080.736744 WARNING root: icon_size is deprecated. Use pixel_size instead.
1445050080.777424 WARNING root: icon_size is deprecated. Use pixel_size instead.
1445050080.818287 WARNING root: icon_size is deprecated. Use pixel_size instead.
Window manager warning: Buggy client sent a _NET_ACTIVE_WINDOW message with a timestamp of 0 for 0x40005f (main.py)
Window manager warning: meta_window_activate called by a pager with a 0 timestamp; the pager needs to be fixed.
1445050083.166523 WARNING root: No Gtk.AccelGroup in the top level window.
1445050083.196369 WARNING root: No Gtk.AccelGroup in the top level window.
1445050083.225025 WARNING root: No Gtk.AccelGroup in the top level window.
1445050083.253712 WARNING root: No Gtk.AccelGroup in the top level window.
1445050086.027790 WARNING root: icon_size is deprecated. Use pixel_size instead.
1445050086.106586 WARNING root: icon_size is deprecated. Use pixel_size instead.

(main.py:551): Gtk-CRITICAL **: gtk_widget_set_size_request: assertion `width >= -1' failed

(main.py:551): Gtk-CRITICAL **: gtk_widget_set_size_request: assertion `width >= -1' failed
/usr/lib/python2.7/site-packages/jarabe/main.py:418: Warning: g_object_set_property: assertion `G_IS_VALUE (value)' failed
  Gtk.main()
/usr/lib/python2.7/site-packages/jarabe/main.py:418: Warning: g_value_unset: assertion `G_IS_VALUE (value)' failed
  Gtk.main()
1445051201.186390 ERROR root: set_active() failed: org.freedesktop.DBus.Error.NoReply: Message did not receive a reply (timeout by message bus)
1445051228.803974 ERROR root: set_active() failed: org.freedesktop.DBus.Error.NoReply: Message did not receive a reply (timeout by message bus)
1445051228.810261 ERROR root: Model for activity id a50f6acb4fef9d246586194a177b2809e9fa31cb does not exist.
1445051300.960896 WARNING root: icon_size is deprecated. Use pixel_size instead.
1445051301.009968 WARNING root: icon_size is deprecated. Use pixel_size instead.
1445051420.946217 WARNING root: icon_size is deprecated. Use pixel_size instead.
1445051660.983021 WARNING root: icon_size is deprecated. Use pixel_size instead.
1445052021.042255 WARNING root: icon_size is deprecated. Use pixel_size instead.

(main.py:551): Gdk-WARNING **: main.py: Fatal IO error 11 (Resource temporarily unavailable) on X server :0.

g_dbus_connection_real_closed: Remote peer vanished with error: Underlying GIOStream returned 0 bytes on an async read (g-io-error-quark, 0). Exiting.
Window manager warning: CurrentTime used to choose focus window; focus window may not be correct.
