/usr/lib/python2.7/site-packages/gi/types.py:213: RuntimeWarning: Mixin class groupthink.groupthink_base.UnorderedHandlerAcceptor is an old style class, please update this to derive from "object".
  RuntimeWarning)
/usr/lib/python2.7/site-packages/gi/types.py:213: RuntimeWarning: Mixin class groupthink.groupthink_base.HandlerAcceptor is an old style class, please update this to derive from "object".
  RuntimeWarning)
/usr/lib/python2.7/site-packages/gi/types.py:213: RuntimeWarning: Mixin class groupthink.groupthink_base.CausalHandlerAcceptor is an old style class, please update this to derive from "object".
  RuntimeWarning)

(sugar-activity:1807): Gtk-WARNING **: Theme parsing error: gtk-widgets.css:177:16: Missing name of pseudo-class

(sugar-activity:1807): Gtk-WARNING **: Theme parsing error: gtk-widgets.css:180:16: Missing name of pseudo-class

(sugar-activity:1807): Gtk-WARNING **: Theme parsing error: gtk-widgets.css:553:32: Missing name of pseudo-class

(sugar-activity:1807): Gtk-WARNING **: Theme parsing error: gtk-widgets.css:563:32: Missing name of pseudo-class

(sugar-activity:1807): Gtk-WARNING **: Theme parsing error: gtk-widgets.css:572:48: Missing name of pseudo-class

(sugar-activity:1807): Gtk-WARNING **: Theme parsing error: gtk-widgets.css:703:7: Missing name of pseudo-class

(sugar-activity:1807): Gtk-WARNING **: Theme parsing error: gtk-widgets.css:717:7: Missing name of pseudo-class

(sugar-activity:1807): Gtk-WARNING **: Theme parsing error: gtk-widgets.css:746:7: Missing name of pseudo-class

(sugar-activity:1807): Gtk-WARNING **: Theme parsing error: gtk-widgets.css:760:7: Missing name of pseudo-class
1445055667.327137 WARNING root: No Gtk.AccelGroup in the top level window.
1445055667.376301 WARNING root: No Gtk.AccelGroup in the top level window.
1445055667.399708 WARNING root: No Gtk.AccelGroup in the top level window.
1445055667.434345 WARNING root: No Gtk.AccelGroup in the top level window.
1445055667.435627 WARNING root: No Gtk.AccelGroup in the top level window.
1445055667.436634 WARNING root: No Gtk.AccelGroup in the top level window.
1445055667.462757 WARNING root: No Gtk.AccelGroup in the top level window.
1445055667.464069 WARNING root: No Gtk.AccelGroup in the top level window.
1445055667.465168 WARNING root: No Gtk.AccelGroup in the top level window.
1445055667.597309 WARNING root: No Gtk.AccelGroup in the top level window.
1445055667.637073 WARNING root: No Gtk.AccelGroup in the top level window.
1445055667.676502 WARNING root: No Gtk.AccelGroup in the top level window.
1445055667.748279 WARNING root: No Gtk.AccelGroup in the top level window.

(sugar-activity:1807): Gdk-CRITICAL **: gdk_device_get_source: assertion `GDK_IS_DEVICE (device)' failed

(sugar-activity:1807): Gdk-CRITICAL **: gdk_device_get_source: assertion `GDK_IS_DEVICE (device)' failed

(sugar-activity:1807): Gdk-CRITICAL **: gdk_device_get_source: assertion `GDK_IS_DEVICE (device)' failed

(sugar-activity:1807): Gdk-CRITICAL **: gdk_device_get_source: assertion `GDK_IS_DEVICE (device)' failed

(sugar-activity:1807): Gdk-CRITICAL **: gdk_device_get_source: assertion `GDK_IS_DEVICE (device)' failed
1445055682.333576 WARNING root: No Gtk.AccelGroup in the top level window.
1445055682.334949 WARNING root: No Gtk.AccelGroup in the top level window.
1445055682.336017 WARNING root: No Gtk.AccelGroup in the top level window.
1445055682.337147 WARNING root: No Gtk.AccelGroup in the top level window.
1445055682.448810 WARNING root: No Gtk.AccelGroup in the top level window.
1445055682.465534 WARNING root: No Gtk.AccelGroup in the top level window.
1445055682.466602 WARNING root: No Gtk.AccelGroup in the top level window.
Exited with status 0, pid 1807 data (None, <open file '<fdopen>', mode 'w' at 0x1079808>, dbus.ByteArray('a7b8e5338ad451a63b037d5e60cd6776c37d3846', variant_level=1))
