1445055600.577442 ERROR root: skip /home/olpc/Activities/Paint.activity/fill/linux32_27 blobs: /home/olpc/Activities/Paint.activity/fill/linux32_27/_fill.so: cannot open shared object file: No such file or directory
1445055600.581836 ERROR root: use /home/olpc/Activities/Paint.activity/fill/armv7l_27 blobs
1445055600.582569 ERROR root: Found fill binaries.

(sugar-activity:1799): Gtk-WARNING **: Theme parsing error: gtk-widgets.css:177:16: Missing name of pseudo-class

(sugar-activity:1799): Gtk-WARNING **: Theme parsing error: gtk-widgets.css:180:16: Missing name of pseudo-class

(sugar-activity:1799): Gtk-WARNING **: Theme parsing error: gtk-widgets.css:553:32: Missing name of pseudo-class

(sugar-activity:1799): Gtk-WARNING **: Theme parsing error: gtk-widgets.css:563:32: Missing name of pseudo-class

(sugar-activity:1799): Gtk-WARNING **: Theme parsing error: gtk-widgets.css:572:48: Missing name of pseudo-class

(sugar-activity:1799): Gtk-WARNING **: Theme parsing error: gtk-widgets.css:703:7: Missing name of pseudo-class

(sugar-activity:1799): Gtk-WARNING **: Theme parsing error: gtk-widgets.css:717:7: Missing name of pseudo-class

(sugar-activity:1799): Gtk-WARNING **: Theme parsing error: gtk-widgets.css:746:7: Missing name of pseudo-class

(sugar-activity:1799): Gtk-WARNING **: Theme parsing error: gtk-widgets.css:760:7: Missing name of pseudo-class
1445055601.737507 ERROR root: Setting dpi to: 200.000000
1445055601.831470 ERROR root: exception 'state'
1445055602.083668 WARNING root: No Gtk.AccelGroup in the top level window.
1445055602.132404 WARNING root: No Gtk.AccelGroup in the top level window.
1445055602.157490 WARNING root: No Gtk.AccelGroup in the top level window.
1445055602.255420 WARNING root: No Gtk.AccelGroup in the top level window.
1445055602.256733 WARNING root: No Gtk.AccelGroup in the top level window.
1445055602.257709 WARNING root: No Gtk.AccelGroup in the top level window.
1445055602.275501 WARNING root: No Gtk.AccelGroup in the top level window.
1445055602.276783 WARNING root: No Gtk.AccelGroup in the top level window.
1445055602.277759 WARNING root: No Gtk.AccelGroup in the top level window.
1445055602.290485 WARNING root: icon_size is deprecated. Use pixel_size instead.
1445055602.437000 WARNING root: icon_size is deprecated. Use pixel_size instead.
1445055602.446186 WARNING root: icon_size is deprecated. Use pixel_size instead.
1445055602.455219 WARNING root: icon_size is deprecated. Use pixel_size instead.
1445055602.463703 WARNING root: icon_size is deprecated. Use pixel_size instead.
1445055602.472278 WARNING root: icon_size is deprecated. Use pixel_size instead.
1445055602.480701 WARNING root: icon_size is deprecated. Use pixel_size instead.
1445055602.489246 WARNING root: icon_size is deprecated. Use pixel_size instead.
1445055602.497852 WARNING root: icon_size is deprecated. Use pixel_size instead.
1445055602.506244 WARNING root: icon_size is deprecated. Use pixel_size instead.
1445055602.514881 WARNING root: icon_size is deprecated. Use pixel_size instead.
1445055602.522785 WARNING root: icon_size is deprecated. Use pixel_size instead.
1445055602.531391 WARNING root: icon_size is deprecated. Use pixel_size instead.
1445055603.360493 WARNING root: No Gtk.AccelGroup in the top level window.

(sugar-activity:1799): Gdk-CRITICAL **: gdk_device_get_source: assertion `GDK_IS_DEVICE (device)' failed

(sugar-activity:1799): Gdk-CRITICAL **: gdk_device_get_source: assertion `GDK_IS_DEVICE (device)' failed

(sugar-activity:1799): Gdk-CRITICAL **: gdk_device_get_source: assertion `GDK_IS_DEVICE (device)' failed

(sugar-activity:1799): Gdk-CRITICAL **: gdk_device_get_source: assertion `GDK_IS_DEVICE (device)' failed
1445055609.826618 WARNING root: No Gtk.AccelGroup in the top level window.
1445055609.867084 WARNING root: No Gtk.AccelGroup in the top level window.
1445055609.868397 WARNING root: No Gtk.AccelGroup in the top level window.
1445055609.869404 WARNING root: No Gtk.AccelGroup in the top level window.
Exited with status 0, pid 1799 data (None, <open file '<fdopen>', mode 'w' at 0x1079a70>, '6d9b9b85de3a7da50cd6c1335ece9936c20bd98e')
