
(main.py:540): Gtk-WARNING **: Theme parsing error: gtk-widgets.css:177:16: Missing name of pseudo-class

(main.py:540): Gtk-WARNING **: Theme parsing error: gtk-widgets.css:180:16: Missing name of pseudo-class

(main.py:540): Gtk-WARNING **: Theme parsing error: gtk-widgets.css:553:32: Missing name of pseudo-class

(main.py:540): Gtk-WARNING **: Theme parsing error: gtk-widgets.css:563:32: Missing name of pseudo-class

(main.py:540): Gtk-WARNING **: Theme parsing error: gtk-widgets.css:572:48: Missing name of pseudo-class

(main.py:540): Gtk-WARNING **: Theme parsing error: gtk-widgets.css:703:7: Missing name of pseudo-class

(main.py:540): Gtk-WARNING **: Theme parsing error: gtk-widgets.css:717:7: Missing name of pseudo-class

(main.py:540): Gtk-WARNING **: Theme parsing error: gtk-widgets.css:746:7: Missing name of pseudo-class

(main.py:540): Gtk-WARNING **: Theme parsing error: gtk-widgets.css:760:7: Missing name of pseudo-class
1445052406.033924 WARNING root: No Gtk.AccelGroup in the top level window.
1445052406.085590 WARNING root: No Gtk.AccelGroup in the top level window.
1445052409.145618 WARNING root: icon_size is deprecated. Use pixel_size instead.
1445052409.191059 WARNING root: icon_size is deprecated. Use pixel_size instead.
1445052409.235706 WARNING root: icon_size is deprecated. Use pixel_size instead.
Window manager warning: Buggy client sent a _NET_ACTIVE_WINDOW message with a timestamp of 0 for 0x40005f (main.py)
Window manager warning: meta_window_activate called by a pager with a 0 timestamp; the pager needs to be fixed.
1445052411.608448 WARNING root: No Gtk.AccelGroup in the top level window.
1445052411.638355 WARNING root: No Gtk.AccelGroup in the top level window.
1445052411.666889 WARNING root: No Gtk.AccelGroup in the top level window.
1445052411.696003 WARNING root: No Gtk.AccelGroup in the top level window.
1445052414.494251 WARNING root: icon_size is deprecated. Use pixel_size instead.
1445052414.574207 WARNING root: icon_size is deprecated. Use pixel_size instead.

(main.py:540): Gtk-CRITICAL **: gtk_widget_set_size_request: assertion `width >= -1' failed

(main.py:540): Gtk-CRITICAL **: gtk_widget_set_size_request: assertion `width >= -1' failed
/usr/lib/python2.7/site-packages/jarabe/main.py:418: Warning: g_object_set_property: assertion `G_IS_VALUE (value)' failed
  Gtk.main()
/usr/lib/python2.7/site-packages/jarabe/main.py:418: Warning: g_value_unset: assertion `G_IS_VALUE (value)' failed
  Gtk.main()
1445052421.948078 WARNING root: icon_size is deprecated. Use pixel_size instead.
Window manager warning: Buggy client sent a _NET_ACTIVE_WINDOW message with a timestamp of 0 for 0x400119 (main.py)
Window manager warning: meta_window_activate called by a pager with a 0 timestamp; the pager needs to be fixed.
1445052700.849811 ERROR root: PaletteWindowWidget popup get_visible True
1445052719.117054 ERROR root: PaletteWindowWidget popup get_visible True
1445052863.122669 ERROR root: PaletteWindowWidget popup get_visible True
1445052876.504688 ERROR root: set_active() failed: org.freedesktop.DBus.Error.NoReply: Did not receive a reply. Possible causes include: the remote application did not send a reply, the message bus security policy blocked the reply, the reply timeout expired, or the network connection was broken.
1445053076.776172 ERROR root: PaletteWindowWidget popup get_visible True
1445053118.531788 ERROR root: set_active() failed: org.freedesktop.DBus.Error.NoReply: Message did not receive a reply (timeout by message bus)
1445053137.394031 ERROR root: PaletteWindowWidget popup get_visible True
1445053629.943073 WARNING root: icon_size is deprecated. Use pixel_size instead.
1445053869.932758 WARNING root: icon_size is deprecated. Use pixel_size instead.
1445054829.943256 WARNING root: icon_size is deprecated. Use pixel_size instead.
1445055524.147907 ERROR root: Cannot update the palette position.
1445055546.528003 ERROR root: set_active() failed: org.freedesktop.DBus.Error.NoReply: Message did not receive a reply (timeout by message bus)
1445055909.944416 WARNING root: icon_size is deprecated. Use pixel_size instead.

(main.py:540): Gdk-WARNING **: main.py: Fatal IO error 11 (Resource temporarily unavailable) on X server :0.

