
(main.py:542): Gtk-WARNING **: Theme parsing error: gtk-widgets.css:177:16: Missing name of pseudo-class

(main.py:542): Gtk-WARNING **: Theme parsing error: gtk-widgets.css:180:16: Missing name of pseudo-class

(main.py:542): Gtk-WARNING **: Theme parsing error: gtk-widgets.css:553:32: Missing name of pseudo-class

(main.py:542): Gtk-WARNING **: Theme parsing error: gtk-widgets.css:563:32: Missing name of pseudo-class

(main.py:542): Gtk-WARNING **: Theme parsing error: gtk-widgets.css:572:48: Missing name of pseudo-class

(main.py:542): Gtk-WARNING **: Theme parsing error: gtk-widgets.css:703:7: Missing name of pseudo-class

(main.py:542): Gtk-WARNING **: Theme parsing error: gtk-widgets.css:717:7: Missing name of pseudo-class

(main.py:542): Gtk-WARNING **: Theme parsing error: gtk-widgets.css:746:7: Missing name of pseudo-class

(main.py:542): Gtk-WARNING **: Theme parsing error: gtk-widgets.css:760:7: Missing name of pseudo-class
1444989519.676200 WARNING root: No Gtk.AccelGroup in the top level window.
1444989519.726645 WARNING root: No Gtk.AccelGroup in the top level window.
1444989522.950644 WARNING root: icon_size is deprecated. Use pixel_size instead.
1444989522.991080 WARNING root: icon_size is deprecated. Use pixel_size instead.
1444989523.033042 WARNING root: icon_size is deprecated. Use pixel_size instead.
1444989523.259116 WARNING root: icon_size is deprecated. Use pixel_size instead.
1444989523.312552 WARNING root: icon_size is deprecated. Use pixel_size instead.
1444989523.363242 WARNING root: icon_size is deprecated. Use pixel_size instead.
Window manager warning: Buggy client sent a _NET_ACTIVE_WINDOW message with a timestamp of 0 for 0x40005f (main.py)
Window manager warning: meta_window_activate called by a pager with a 0 timestamp; the pager needs to be fixed.
1444989526.495230 WARNING root: No Gtk.AccelGroup in the top level window.
1444989526.525382 WARNING root: No Gtk.AccelGroup in the top level window.
1444989526.554801 WARNING root: No Gtk.AccelGroup in the top level window.
1444989526.584158 WARNING root: No Gtk.AccelGroup in the top level window.
1444989529.283408 WARNING root: icon_size is deprecated. Use pixel_size instead.
1444989529.364432 WARNING root: icon_size is deprecated. Use pixel_size instead.

(main.py:542): Gtk-CRITICAL **: gtk_widget_set_size_request: assertion `width >= -1' failed

(main.py:542): Gtk-CRITICAL **: gtk_widget_set_size_request: assertion `width >= -1' failed
1444989551.715293 ERROR root: No activities are running
Window manager warning: CurrentTime used to choose focus window; focus window may not be correct.
Window manager warning: Got a request to focus the no_focus_window with a timestamp of 0.  This shouldn't happen!
