
(sugar-activity:884): Gtk-WARNING **: Theme parsing error: gtk-widgets.css:177:16: Missing name of pseudo-class

(sugar-activity:884): Gtk-WARNING **: Theme parsing error: gtk-widgets.css:180:16: Missing name of pseudo-class

(sugar-activity:884): Gtk-WARNING **: Theme parsing error: gtk-widgets.css:553:32: Missing name of pseudo-class

(sugar-activity:884): Gtk-WARNING **: Theme parsing error: gtk-widgets.css:563:32: Missing name of pseudo-class

(sugar-activity:884): Gtk-WARNING **: Theme parsing error: gtk-widgets.css:572:48: Missing name of pseudo-class

(sugar-activity:884): Gtk-WARNING **: Theme parsing error: gtk-widgets.css:703:7: Missing name of pseudo-class

(sugar-activity:884): Gtk-WARNING **: Theme parsing error: gtk-widgets.css:717:7: Missing name of pseudo-class

(sugar-activity:884): Gtk-WARNING **: Theme parsing error: gtk-widgets.css:746:7: Missing name of pseudo-class

(sugar-activity:884): Gtk-WARNING **: Theme parsing error: gtk-widgets.css:760:7: Missing name of pseudo-class
1445300046.099964 WARNING root: No Gtk.AccelGroup in the top level window.
1445300046.150837 WARNING root: No Gtk.AccelGroup in the top level window.
1445300046.174122 WARNING root: No Gtk.AccelGroup in the top level window.
1445300046.177204 WARNING root: No Gtk.AccelGroup in the top level window.
1445300046.178394 WARNING root: No Gtk.AccelGroup in the top level window.
1445300046.257679 WARNING root: No Gtk.AccelGroup in the top level window.
1445300046.280903 WARNING root: No Gtk.AccelGroup in the top level window.
1445300046.304127 WARNING root: No Gtk.AccelGroup in the top level window.
1445300046.441975 WARNING root: No Gtk.AccelGroup in the top level window.
1445300046.443409 WARNING root: No Gtk.AccelGroup in the top level window.
1445300046.466541 WARNING root: No Gtk.AccelGroup in the top level window.
1445300046.467793 WARNING root: No Gtk.AccelGroup in the top level window.
1445300046.468647 WARNING root: No Gtk.AccelGroup in the top level window.
1445300046.469624 WARNING root: No Gtk.AccelGroup in the top level window.
1445300046.470478 WARNING root: No Gtk.AccelGroup in the top level window.
1445300046.486439 WARNING root: No Gtk.AccelGroup in the top level window.
1445300046.487690 WARNING root: No Gtk.AccelGroup in the top level window.
1445300046.488545 WARNING root: No Gtk.AccelGroup in the top level window.
1445300046.489521 WARNING root: No Gtk.AccelGroup in the top level window.
1445300046.490376 WARNING root: No Gtk.AccelGroup in the top level window.
1445300046.504871 WARNING root: No Gtk.AccelGroup in the top level window.
1445300046.506031 WARNING root: No Gtk.AccelGroup in the top level window.
1445300046.507008 WARNING root: No Gtk.AccelGroup in the top level window.
1445300046.522358 WARNING root: No Gtk.AccelGroup in the top level window.
1445300046.523609 WARNING root: No Gtk.AccelGroup in the top level window.
1445300046.524677 WARNING root: No Gtk.AccelGroup in the top level window.
1445300161.082142 ERROR dbus.connection: Exception in handler for D-Bus signal:
Traceback (most recent call last):
  File "/usr/lib/python2.7/site-packages/dbus/connection.py", line 230, in maybe_handle_message
    self._handler(*args, **kwargs)
  File "/usr/lib/python2.7/site-packages/sugar3/presence/connectionmanager.py", line 91, in __status_changed_cb
    self._connections_per_account[account_path].connected = False
KeyError: dbus.ObjectPath('/org/freedesktop/Telepathy/Account/salut/local_xmpp/account0')
