
(main.py:549): Gtk-WARNING **: Theme parsing error: gtk-widgets.css:177:16: Missing name of pseudo-class

(main.py:549): Gtk-WARNING **: Theme parsing error: gtk-widgets.css:180:16: Missing name of pseudo-class

(main.py:549): Gtk-WARNING **: Theme parsing error: gtk-widgets.css:553:32: Missing name of pseudo-class

(main.py:549): Gtk-WARNING **: Theme parsing error: gtk-widgets.css:563:32: Missing name of pseudo-class

(main.py:549): Gtk-WARNING **: Theme parsing error: gtk-widgets.css:572:48: Missing name of pseudo-class

(main.py:549): Gtk-WARNING **: Theme parsing error: gtk-widgets.css:703:7: Missing name of pseudo-class

(main.py:549): Gtk-WARNING **: Theme parsing error: gtk-widgets.css:717:7: Missing name of pseudo-class

(main.py:549): Gtk-WARNING **: Theme parsing error: gtk-widgets.css:746:7: Missing name of pseudo-class

(main.py:549): Gtk-WARNING **: Theme parsing error: gtk-widgets.css:760:7: Missing name of pseudo-class
1445299847.891377 WARNING root: No Gtk.AccelGroup in the top level window.
1445299847.942890 WARNING root: No Gtk.AccelGroup in the top level window.
1445299850.996937 WARNING root: icon_size is deprecated. Use pixel_size instead.
1445299851.042439 WARNING root: icon_size is deprecated. Use pixel_size instead.
1445299851.084889 WARNING root: icon_size is deprecated. Use pixel_size instead.
1445299851.311634 WARNING root: icon_size is deprecated. Use pixel_size instead.
1445299851.364643 WARNING root: icon_size is deprecated. Use pixel_size instead.
1445299851.410908 WARNING root: icon_size is deprecated. Use pixel_size instead.
1445299851.462360 WARNING root: icon_size is deprecated. Use pixel_size instead.
Window manager warning: Buggy client sent a _NET_ACTIVE_WINDOW message with a timestamp of 0 for 0x40005f (main.py)
Window manager warning: meta_window_activate called by a pager with a 0 timestamp; the pager needs to be fixed.
1445299853.861286 WARNING root: No Gtk.AccelGroup in the top level window.
1445299853.890919 WARNING root: No Gtk.AccelGroup in the top level window.
1445299853.919605 WARNING root: No Gtk.AccelGroup in the top level window.
1445299853.948353 WARNING root: No Gtk.AccelGroup in the top level window.
1445299856.775166 WARNING root: icon_size is deprecated. Use pixel_size instead.
1445299856.855091 WARNING root: icon_size is deprecated. Use pixel_size instead.

(main.py:549): Gtk-CRITICAL **: gtk_widget_set_size_request: assertion `width >= -1' failed

(main.py:549): Gtk-CRITICAL **: gtk_widget_set_size_request: assertion `width >= -1' failed
/usr/lib/python2.7/site-packages/jarabe/main.py:418: Warning: g_object_set_property: assertion `G_IS_VALUE (value)' failed
  Gtk.main()
/usr/lib/python2.7/site-packages/jarabe/main.py:418: Warning: g_value_unset: assertion `G_IS_VALUE (value)' failed
  Gtk.main()
1445300159.445301 ERROR root: PaletteWindowWidget popup get_visible True
Traceback (most recent call last):
  File "/usr/lib/python2.7/site-packages/dbus/connection.py", line 604, in msg_reply_handler
    reply_handler(*message.get_args_list(**get_args_opts))
  File "/usr/lib/python2.7/site-packages/jarabe/model/neighborhood.py", line 338, in __get_self_handle_cb
    connection = self._connection[CONNECTION_INTERFACE_ALIASING]
  File "/usr/lib/python2.7/site-packages/telepathy/client/interfacefactory.py", line 74, in __getitem__
    raise KeyError(name)
KeyError: 'org.freedesktop.Telepathy.Connection.Interface.Aliasing'
