
(main.py:539): Gtk-WARNING **: Theme parsing error: gtk-widgets.css:177:16: Missing name of pseudo-class

(main.py:539): Gtk-WARNING **: Theme parsing error: gtk-widgets.css:180:16: Missing name of pseudo-class

(main.py:539): Gtk-WARNING **: Theme parsing error: gtk-widgets.css:553:32: Missing name of pseudo-class

(main.py:539): Gtk-WARNING **: Theme parsing error: gtk-widgets.css:563:32: Missing name of pseudo-class

(main.py:539): Gtk-WARNING **: Theme parsing error: gtk-widgets.css:572:48: Missing name of pseudo-class

(main.py:539): Gtk-WARNING **: Theme parsing error: gtk-widgets.css:703:7: Missing name of pseudo-class

(main.py:539): Gtk-WARNING **: Theme parsing error: gtk-widgets.css:717:7: Missing name of pseudo-class

(main.py:539): Gtk-WARNING **: Theme parsing error: gtk-widgets.css:746:7: Missing name of pseudo-class

(main.py:539): Gtk-WARNING **: Theme parsing error: gtk-widgets.css:760:7: Missing name of pseudo-class
1445494324.893482 WARNING root: No Gtk.AccelGroup in the top level window.
1445494324.945271 WARNING root: No Gtk.AccelGroup in the top level window.
1445494328.014606 WARNING root: icon_size is deprecated. Use pixel_size instead.
1445494328.055134 WARNING root: icon_size is deprecated. Use pixel_size instead.
1445494328.095325 WARNING root: icon_size is deprecated. Use pixel_size instead.
1445494328.326801 WARNING root: icon_size is deprecated. Use pixel_size instead.
1445494328.384815 WARNING root: icon_size is deprecated. Use pixel_size instead.
1445494328.436909 WARNING root: icon_size is deprecated. Use pixel_size instead.
1445494328.487629 WARNING root: icon_size is deprecated. Use pixel_size instead.
Window manager warning: Buggy client sent a _NET_ACTIVE_WINDOW message with a timestamp of 0 for 0x40005f (main.py)
Window manager warning: meta_window_activate called by a pager with a 0 timestamp; the pager needs to be fixed.
1445494330.792103 WARNING root: No Gtk.AccelGroup in the top level window.
1445494330.822010 WARNING root: No Gtk.AccelGroup in the top level window.
1445494330.850727 WARNING root: No Gtk.AccelGroup in the top level window.
1445494330.879475 WARNING root: No Gtk.AccelGroup in the top level window.
1445494333.600483 WARNING root: icon_size is deprecated. Use pixel_size instead.
1445494333.679798 WARNING root: icon_size is deprecated. Use pixel_size instead.

(main.py:539): Gtk-CRITICAL **: gtk_widget_set_size_request: assertion `width >= -1' failed

(main.py:539): Gtk-CRITICAL **: gtk_widget_set_size_request: assertion `width >= -1' failed
/usr/lib/python2.7/site-packages/jarabe/main.py:418: Warning: g_object_set_property: assertion `G_IS_VALUE (value)' failed
  Gtk.main()
/usr/lib/python2.7/site-packages/jarabe/main.py:418: Warning: g_value_unset: assertion `G_IS_VALUE (value)' failed
  Gtk.main()
