
(main.py:547): Gtk-WARNING **: Theme parsing error: gtk-widgets.css:177:16: Missing name of pseudo-class

(main.py:547): Gtk-WARNING **: Theme parsing error: gtk-widgets.css:180:16: Missing name of pseudo-class

(main.py:547): Gtk-WARNING **: Theme parsing error: gtk-widgets.css:553:32: Missing name of pseudo-class

(main.py:547): Gtk-WARNING **: Theme parsing error: gtk-widgets.css:563:32: Missing name of pseudo-class

(main.py:547): Gtk-WARNING **: Theme parsing error: gtk-widgets.css:572:48: Missing name of pseudo-class

(main.py:547): Gtk-WARNING **: Theme parsing error: gtk-widgets.css:703:7: Missing name of pseudo-class

(main.py:547): Gtk-WARNING **: Theme parsing error: gtk-widgets.css:717:7: Missing name of pseudo-class

(main.py:547): Gtk-WARNING **: Theme parsing error: gtk-widgets.css:746:7: Missing name of pseudo-class

(main.py:547): Gtk-WARNING **: Theme parsing error: gtk-widgets.css:760:7: Missing name of pseudo-class
1445055404.926624 WARNING root: No Gtk.AccelGroup in the top level window.
1445055404.978290 WARNING root: No Gtk.AccelGroup in the top level window.
1445055408.022510 WARNING root: icon_size is deprecated. Use pixel_size instead.
1445055408.067920 WARNING root: icon_size is deprecated. Use pixel_size instead.
1445055408.109272 WARNING root: icon_size is deprecated. Use pixel_size instead.
Window manager warning: Buggy client sent a _NET_ACTIVE_WINDOW message with a timestamp of 0 for 0x40005f (main.py)
Window manager warning: meta_window_activate called by a pager with a 0 timestamp; the pager needs to be fixed.
1445055410.499592 WARNING root: No Gtk.AccelGroup in the top level window.
1445055410.529255 WARNING root: No Gtk.AccelGroup in the top level window.
1445055410.558582 WARNING root: No Gtk.AccelGroup in the top level window.
1445055410.587482 WARNING root: No Gtk.AccelGroup in the top level window.
1445055413.332325 WARNING root: icon_size is deprecated. Use pixel_size instead.
1445055413.412037 WARNING root: icon_size is deprecated. Use pixel_size instead.

(main.py:547): Gtk-CRITICAL **: gtk_widget_set_size_request: assertion `width >= -1' failed

(main.py:547): Gtk-CRITICAL **: gtk_widget_set_size_request: assertion `width >= -1' failed
1445055601.932026 WARNING root: icon_size is deprecated. Use pixel_size instead.
1445055675.970142 ERROR root: set_active() failed: org.freedesktop.DBus.Error.NoReply: Message did not receive a reply (timeout by message bus)

(main.py:547): Gdk-WARNING **: main.py: Fatal IO error 11 (Resource temporarily unavailable) on X server :0.

g_dbus_connection_real_closed: Remote peer vanished with error: Underlying GIOStream returned 0 bytes on an async read (g-io-error-quark, 0). Exiting.
Window manager warning: Fatal IO error 11 (Resource temporarily unavailable) on display ':0'.
