
(main.py:915): Gtk-WARNING **: Theme parsing error: gtk-widgets.css:177:16: Missing name of pseudo-class

(main.py:915): Gtk-WARNING **: Theme parsing error: gtk-widgets.css:180:16: Missing name of pseudo-class

(main.py:915): Gtk-WARNING **: Theme parsing error: gtk-widgets.css:553:32: Missing name of pseudo-class

(main.py:915): Gtk-WARNING **: Theme parsing error: gtk-widgets.css:563:32: Missing name of pseudo-class

(main.py:915): Gtk-WARNING **: Theme parsing error: gtk-widgets.css:572:48: Missing name of pseudo-class

(main.py:915): Gtk-WARNING **: Theme parsing error: gtk-widgets.css:703:7: Missing name of pseudo-class

(main.py:915): Gtk-WARNING **: Theme parsing error: gtk-widgets.css:717:7: Missing name of pseudo-class

(main.py:915): Gtk-WARNING **: Theme parsing error: gtk-widgets.css:746:7: Missing name of pseudo-class

(main.py:915): Gtk-WARNING **: Theme parsing error: gtk-widgets.css:760:7: Missing name of pseudo-class
1444989561.437247 WARNING root: No Gtk.AccelGroup in the top level window.
1444989561.491171 WARNING root: No Gtk.AccelGroup in the top level window.
1444989563.703147 WARNING root: icon_size is deprecated. Use pixel_size instead.
1444989563.743582 WARNING root: icon_size is deprecated. Use pixel_size instead.
1444989563.783652 WARNING root: icon_size is deprecated. Use pixel_size instead.
1444989563.987906 WARNING root: icon_size is deprecated. Use pixel_size instead.
1444989564.037741 WARNING root: icon_size is deprecated. Use pixel_size instead.
1444989564.083212 WARNING root: icon_size is deprecated. Use pixel_size instead.
Window manager warning: Buggy client sent a _NET_ACTIVE_WINDOW message with a timestamp of 0 for 0x40005f (main.py)
Window manager warning: meta_window_activate called by a pager with a 0 timestamp; the pager needs to be fixed.
1444989566.031272 WARNING root: No Gtk.AccelGroup in the top level window.
1444989566.061209 WARNING root: No Gtk.AccelGroup in the top level window.
1444989566.090415 WARNING root: No Gtk.AccelGroup in the top level window.
1444989566.119223 WARNING root: No Gtk.AccelGroup in the top level window.
1444989567.071951 WARNING root: icon_size is deprecated. Use pixel_size instead.
1444989567.151511 WARNING root: icon_size is deprecated. Use pixel_size instead.

(main.py:915): Gtk-CRITICAL **: gtk_widget_set_size_request: assertion `width >= -1' failed

(main.py:915): Gtk-CRITICAL **: gtk_widget_set_size_request: assertion `width >= -1' failed

(main.py:915): Gdk-WARNING **: main.py: Fatal IO error 11 (Resource temporarily unavailable) on X server :0.

g_dbus_connection_real_closed: Remote peer vanished with error: Underlying GIOStream returned 0 bytes on an async read (g-io-error-quark, 0). Exiting.
