
(main.py:547): Gtk-WARNING **: Theme parsing error: gtk-widgets.css:177:16: Missing name of pseudo-class

(main.py:547): Gtk-WARNING **: Theme parsing error: gtk-widgets.css:180:16: Missing name of pseudo-class

(main.py:547): Gtk-WARNING **: Theme parsing error: gtk-widgets.css:553:32: Missing name of pseudo-class

(main.py:547): Gtk-WARNING **: Theme parsing error: gtk-widgets.css:563:32: Missing name of pseudo-class

(main.py:547): Gtk-WARNING **: Theme parsing error: gtk-widgets.css:572:48: Missing name of pseudo-class

(main.py:547): Gtk-WARNING **: Theme parsing error: gtk-widgets.css:703:7: Missing name of pseudo-class

(main.py:547): Gtk-WARNING **: Theme parsing error: gtk-widgets.css:717:7: Missing name of pseudo-class

(main.py:547): Gtk-WARNING **: Theme parsing error: gtk-widgets.css:746:7: Missing name of pseudo-class

(main.py:547): Gtk-WARNING **: Theme parsing error: gtk-widgets.css:760:7: Missing name of pseudo-class
1445236515.767811 WARNING root: No Gtk.AccelGroup in the top level window.
1445236515.819630 WARNING root: No Gtk.AccelGroup in the top level window.
1445236518.870197 WARNING root: icon_size is deprecated. Use pixel_size instead.
1445236518.911915 WARNING root: icon_size is deprecated. Use pixel_size instead.
1445236518.952045 WARNING root: icon_size is deprecated. Use pixel_size instead.
1445236519.162373 WARNING root: icon_size is deprecated. Use pixel_size instead.
1445236519.213673 WARNING root: icon_size is deprecated. Use pixel_size instead.
1445236519.261860 WARNING root: icon_size is deprecated. Use pixel_size instead.
Window manager warning: Buggy client sent a _NET_ACTIVE_WINDOW message with a timestamp of 0 for 0x40005f (main.py)
Window manager warning: meta_window_activate called by a pager with a 0 timestamp; the pager needs to be fixed.
1445236521.584492 WARNING root: No Gtk.AccelGroup in the top level window.
1445236521.614491 WARNING root: No Gtk.AccelGroup in the top level window.
1445236521.643238 WARNING root: No Gtk.AccelGroup in the top level window.
1445236521.672047 WARNING root: No Gtk.AccelGroup in the top level window.
1445236524.499866 WARNING root: icon_size is deprecated. Use pixel_size instead.
1445236524.579639 WARNING root: icon_size is deprecated. Use pixel_size instead.

(main.py:547): Gtk-CRITICAL **: gtk_widget_set_size_request: assertion `width >= -1' failed

(main.py:547): Gtk-CRITICAL **: gtk_widget_set_size_request: assertion `width >= -1' failed
/usr/lib/python2.7/site-packages/jarabe/main.py:418: Warning: g_object_set_property: assertion `G_IS_VALUE (value)' failed
  Gtk.main()
/usr/lib/python2.7/site-packages/jarabe/main.py:418: Warning: g_value_unset: assertion `G_IS_VALUE (value)' failed
  Gtk.main()
1445236882.204487 ERROR root: PaletteWindowWidget popup get_visible True
